Mensaje I / 00:00:00:000 / Root(00) para top(01)
Mensaje I / 00:00:00:000 / top(01) para field(02)
Mensaje D / 00:00:00:000 / field(02) / 00:00:00:000 para top(01)
Mensaje D / 00:00:00:000 / top(01) / 00:00:00:000 para Root(00)
Mensaje * / 00:00:00:000 / Root(00) para top(01)
Mensaje * / 00:00:00:000 / top(01) para field(02)
Mensaje Y / 00:00:00:000 / field(02) / out_sower_field /      1.00000 para top(01)
Mensaje Y / 00:00:00:000 / field(02) / out_sower_surface /    100.00000 para top(01)
Mensaje Y / 00:00:00:000 / field(02) / out_sower_type /      1.00000 para top(01)
Mensaje D / 00:00:00:000 / field(02) / ... para top(01)
Mensaje Y / 00:00:00:000 / top(01) / out_sower_field /      1.00000 para Root(00)
Mensaje Y / 00:00:00:000 / top(01) / out_sower_surface /    100.00000 para Root(00)
Mensaje Y / 00:00:00:000 / top(01) / out_sower_type /      1.00000 para Root(00)
Mensaje D / 00:00:00:000 / top(01) / ... para Root(00)
Mensaje X / 06:00:00:000 / Root(00) / in_done /      1.00000 para top(01)
Mensaje X / 06:00:00:000 / top(01) / in_done /      1.00000 para field(02)
Mensaje D / 06:00:00:000 / field(02) / 00:00:00:000 para top(01)
Mensaje D / 06:00:00:000 / top(01) / 00:00:00:000 para Root(00)
Mensaje * / 06:00:00:000 / Root(00) para top(01)
Mensaje * / 06:00:00:000 / top(01) para field(02)
Mensaje Y / 06:00:00:000 / field(02) / out_water_field /      1.00000 para top(01)
Mensaje Y / 06:00:00:000 / field(02) / out_water_surface /    100.00000 para top(01)
Mensaje Y / 06:00:00:000 / field(02) / out_water_type /      2.00000 para top(01)
Mensaje D / 06:00:00:000 / field(02) / ... para top(01)
Mensaje Y / 06:00:00:000 / top(01) / out_water_field /      1.00000 para Root(00)
Mensaje Y / 06:00:00:000 / top(01) / out_water_surface /    100.00000 para Root(00)
Mensaje Y / 06:00:00:000 / top(01) / out_water_type /      2.00000 para Root(00)
Mensaje D / 06:00:00:000 / top(01) / ... para Root(00)
Mensaje X / 30:00:00:000 / Root(00) / in_done /      1.00000 para top(01)
Mensaje X / 30:00:00:000 / top(01) / in_done /      1.00000 para field(02)
Mensaje D / 30:00:00:000 / field(02) / 48:00:00:000 para top(01)
Mensaje D / 30:00:00:000 / top(01) / 48:00:00:000 para Root(00)
Mensaje * / 78:00:00:000 / Root(00) para top(01)
Mensaje * / 78:00:00:000 / top(01) para field(02)
Mensaje D / 78:00:00:000 / field(02) / 00:00:00:000 para top(01)
Mensaje D / 78:00:00:000 / top(01) / 00:00:00:000 para Root(00)
Mensaje * / 78:00:00:000 / Root(00) para top(01)
Mensaje * / 78:00:00:000 / top(01) para field(02)
Mensaje Y / 78:00:00:000 / field(02) / out_water_field /      1.00000 para top(01)
Mensaje Y / 78:00:00:000 / field(02) / out_water_surface /    100.00000 para top(01)
Mensaje Y / 78:00:00:000 / field(02) / out_water_type /      2.00000 para top(01)
Mensaje D / 78:00:00:000 / field(02) / ... para top(01)
Mensaje Y / 78:00:00:000 / top(01) / out_water_field /      1.00000 para Root(00)
Mensaje Y / 78:00:00:000 / top(01) / out_water_surface /    100.00000 para Root(00)
Mensaje Y / 78:00:00:000 / top(01) / out_water_type /      2.00000 para Root(00)
Mensaje D / 78:00:00:000 / top(01) / ... para Root(00)
Mensaje X / 90:00:00:000 / Root(00) / in_done /      1.00000 para top(01)
Mensaje X / 90:00:00:000 / top(01) / in_done /      1.00000 para field(02)
Mensaje D / 90:00:00:000 / field(02) / 48:00:00:000 para top(01)
Mensaje D / 90:00:00:000 / top(01) / 48:00:00:000 para Root(00)
Mensaje X / 90:00:00:000 / Root(00) / in_done /      1.00000 para top(01)
Mensaje X / 90:00:00:000 / top(01) / in_done /      1.00000 para field(02)
Mensaje D / 90:00:00:000 / field(02) / 48:00:00:000 para top(01)
Mensaje D / 90:00:00:000 / top(01) / 48:00:00:000 para Root(00)
Mensaje * / 138:00:00:000 / Root(00) para top(01)
Mensaje * / 138:00:00:000 / top(01) para field(02)
Mensaje D / 138:00:00:000 / field(02) / 00:00:00:000 para top(01)
Mensaje D / 138:00:00:000 / top(01) / 00:00:00:000 para Root(00)
Mensaje * / 138:00:00:000 / Root(00) para top(01)
Mensaje * / 138:00:00:000 / top(01) para field(02)
Mensaje Y / 138:00:00:000 / field(02) / out_water_field /      1.00000 para top(01)
Mensaje Y / 138:00:00:000 / field(02) / out_water_surface /    100.00000 para top(01)
Mensaje Y / 138:00:00:000 / field(02) / out_water_type /      2.00000 para top(01)
Mensaje D / 138:00:00:000 / field(02) / ... para top(01)
Mensaje Y / 138:00:00:000 / top(01) / out_water_field /      1.00000 para Root(00)
Mensaje Y / 138:00:00:000 / top(01) / out_water_surface /    100.00000 para Root(00)
Mensaje Y / 138:00:00:000 / top(01) / out_water_type /      2.00000 para Root(00)
Mensaje D / 138:00:00:000 / top(01) / ... para Root(00)
Mensaje X / 150:00:00:000 / Root(00) / in_done /      1.00000 para top(01)
Mensaje X / 150:00:00:000 / top(01) / in_done /      1.00000 para field(02)
Mensaje D / 150:00:00:000 / field(02) / 48:00:00:000 para top(01)
Mensaje D / 150:00:00:000 / top(01) / 48:00:00:000 para Root(00)
Mensaje X / 180:00:00:000 / Root(00) / in_done /      1.00000 para top(01)
Mensaje X / 180:00:00:000 / top(01) / in_done /      1.00000 para field(02)
Mensaje D / 180:00:00:000 / field(02) / 18:00:00:000 para top(01)
Mensaje D / 180:00:00:000 / top(01) / 18:00:00:000 para Root(00)
Mensaje * / 198:00:00:000 / Root(00) para top(01)
Mensaje * / 198:00:00:000 / top(01) para field(02)
Mensaje D / 198:00:00:000 / field(02) / 00:00:00:000 para top(01)
Mensaje D / 198:00:00:000 / top(01) / 00:00:00:000 para Root(00)
Mensaje * / 198:00:00:000 / Root(00) para top(01)
Mensaje * / 198:00:00:000 / top(01) para field(02)
Mensaje Y / 198:00:00:000 / field(02) / out_harvest_field /      1.00000 para top(01)
Mensaje Y / 198:00:00:000 / field(02) / out_harvest_surface /    100.00000 para top(01)
Mensaje Y / 198:00:00:000 / field(02) / out_harvest_type /      2.00000 para top(01)
Mensaje D / 198:00:00:000 / field(02) / ... para top(01)
Mensaje Y / 198:00:00:000 / top(01) / out_harvest_field /      1.00000 para Root(00)
Mensaje Y / 198:00:00:000 / top(01) / out_harvest_surface /    100.00000 para Root(00)
Mensaje Y / 198:00:00:000 / top(01) / out_harvest_type /      2.00000 para Root(00)
Mensaje D / 198:00:00:000 / top(01) / ... para Root(00)
Mensaje X / 210:00:00:000 / Root(00) / in_done /      1.00000 para top(01)
Mensaje X / 210:00:00:000 / top(01) / in_done /      1.00000 para field(02)
Mensaje D / 210:00:00:000 / field(02) / 00:00:00:000 para top(01)
Mensaje D / 210:00:00:000 / top(01) / 00:00:00:000 para Root(00)
Mensaje * / 210:00:00:000 / Root(00) para top(01)
Mensaje * / 210:00:00:000 / top(01) para field(02)
Mensaje Y / 210:00:00:000 / field(02) / out_sower_field /      1.00000 para top(01)
Mensaje Y / 210:00:00:000 / field(02) / out_sower_surface /    100.00000 para top(01)
Mensaje Y / 210:00:00:000 / field(02) / out_sower_type /      2.00000 para top(01)
Mensaje D / 210:00:00:000 / field(02) / ... para top(01)
Mensaje Y / 210:00:00:000 / top(01) / out_sower_field /      1.00000 para Root(00)
Mensaje Y / 210:00:00:000 / top(01) / out_sower_surface /    100.00000 para Root(00)
Mensaje Y / 210:00:00:000 / top(01) / out_sower_type /      2.00000 para Root(00)
Mensaje D / 210:00:00:000 / top(01) / ... para Root(00)
Mensaje X / 240:00:00:000 / Root(00) / in_done /      1.00000 para top(01)
Mensaje X / 240:00:00:000 / top(01) / in_done /      1.00000 para field(02)
Mensaje D / 240:00:00:000 / field(02) / 00:00:00:000 para top(01)
Mensaje D / 240:00:00:000 / top(01) / 00:00:00:000 para Root(00)
Mensaje * / 240:00:00:000 / Root(00) para top(01)
Mensaje * / 240:00:00:000 / top(01) para field(02)
Mensaje Y / 240:00:00:000 / field(02) / out_water_field /      1.00000 para top(01)
Mensaje Y / 240:00:00:000 / field(02) / out_water_surface /    100.00000 para top(01)
Mensaje Y / 240:00:00:000 / field(02) / out_water_type /      3.00000 para top(01)
Mensaje D / 240:00:00:000 / field(02) / ... para top(01)
Mensaje Y / 240:00:00:000 / top(01) / out_water_field /      1.00000 para Root(00)
Mensaje Y / 240:00:00:000 / top(01) / out_water_surface /    100.00000 para Root(00)
Mensaje Y / 240:00:00:000 / top(01) / out_water_type /      3.00000 para Root(00)
Mensaje D / 240:00:00:000 / top(01) / ... para Root(00)
Mensaje X / 270:00:00:000 / Root(00) / in_done /      1.00000 para top(01)
Mensaje X / 270:00:00:000 / top(01) / in_done /      1.00000 para field(02)
Mensaje D / 270:00:00:000 / field(02) / 72:00:00:000 para top(01)
Mensaje D / 270:00:00:000 / top(01) / 72:00:00:000 para Root(00)
Mensaje X / 300:00:00:000 / Root(00) / in_done /      1.00000 para top(01)
Mensaje X / 300:00:00:000 / top(01) / in_done /      1.00000 para field(02)
Mensaje D / 300:00:00:000 / field(02) / 42:00:00:000 para top(01)
Mensaje D / 300:00:00:000 / top(01) / 42:00:00:000 para Root(00)
Mensaje X / 330:00:00:000 / Root(00) / in_done /      1.00000 para top(01)
Mensaje X / 330:00:00:000 / top(01) / in_done /      1.00000 para field(02)
Mensaje D / 330:00:00:000 / field(02) / 12:00:00:000 para top(01)
Mensaje D / 330:00:00:000 / top(01) / 12:00:00:000 para Root(00)
Mensaje * / 342:00:00:000 / Root(00) para top(01)
Mensaje * / 342:00:00:000 / top(01) para field(02)
Mensaje D / 342:00:00:000 / field(02) / 00:00:00:000 para top(01)
Mensaje D / 342:00:00:000 / top(01) / 00:00:00:000 para Root(00)
Mensaje * / 342:00:00:000 / Root(00) para top(01)
Mensaje * / 342:00:00:000 / top(01) para field(02)
Mensaje Y / 342:00:00:000 / field(02) / out_water_field /      1.00000 para top(01)
Mensaje Y / 342:00:00:000 / field(02) / out_water_surface /    100.00000 para top(01)
Mensaje Y / 342:00:00:000 / field(02) / out_water_type /      3.00000 para top(01)
Mensaje D / 342:00:00:000 / field(02) / ... para top(01)
Mensaje Y / 342:00:00:000 / top(01) / out_water_field /      1.00000 para Root(00)
Mensaje Y / 342:00:00:000 / top(01) / out_water_surface /    100.00000 para Root(00)
Mensaje Y / 342:00:00:000 / top(01) / out_water_type /      3.00000 para Root(00)
Mensaje D / 342:00:00:000 / top(01) / ... para Root(00)
Mensaje X / 360:00:00:000 / Root(00) / in_done /      1.00000 para top(01)
Mensaje X / 360:00:00:000 / top(01) / in_done /      1.00000 para field(02)
Mensaje D / 360:00:00:000 / field(02) / 72:00:00:000 para top(01)
Mensaje D / 360:00:00:000 / top(01) / 72:00:00:000 para Root(00)
Mensaje X / 390:00:00:000 / Root(00) / in_done /      1.00000 para top(01)
Mensaje X / 390:00:00:000 / top(01) / in_done /      1.00000 para field(02)
Mensaje D / 390:00:00:000 / field(02) / 42:00:00:000 para top(01)
Mensaje D / 390:00:00:000 / top(01) / 42:00:00:000 para Root(00)
Mensaje X / 420:00:00:000 / Root(00) / in_done /      1.00000 para top(01)
Mensaje X / 420:00:00:000 / top(01) / in_done /      1.00000 para field(02)
Mensaje D / 420:00:00:000 / field(02) / 12:00:00:000 para top(01)
Mensaje D / 420:00:00:000 / top(01) / 12:00:00:000 para Root(00)
Mensaje * / 432:00:00:000 / Root(00) para top(01)
Mensaje * / 432:00:00:000 / top(01) para field(02)
Mensaje D / 432:00:00:000 / field(02) / 00:00:00:000 para top(01)
Mensaje D / 432:00:00:000 / top(01) / 00:00:00:000 para Root(00)
Mensaje * / 432:00:00:000 / Root(00) para top(01)
Mensaje * / 432:00:00:000 / top(01) para field(02)
Mensaje Y / 432:00:00:000 / field(02) / out_water_field /      1.00000 para top(01)
Mensaje Y / 432:00:00:000 / field(02) / out_water_surface /    100.00000 para top(01)
Mensaje Y / 432:00:00:000 / field(02) / out_water_type /      3.00000 para top(01)
Mensaje D / 432:00:00:000 / field(02) / ... para top(01)
Mensaje Y / 432:00:00:000 / top(01) / out_water_field /      1.00000 para Root(00)
Mensaje Y / 432:00:00:000 / top(01) / out_water_surface /    100.00000 para Root(00)
Mensaje Y / 432:00:00:000 / top(01) / out_water_type /      3.00000 para Root(00)
Mensaje D / 432:00:00:000 / top(01) / ... para Root(00)
Mensaje X / 450:00:00:000 / Root(00) / in_done /      1.00000 para top(01)
Mensaje X / 450:00:00:000 / top(01) / in_done /      1.00000 para field(02)
Mensaje D / 450:00:00:000 / field(02) / 72:00:00:000 para top(01)
Mensaje D / 450:00:00:000 / top(01) / 72:00:00:000 para Root(00)
Mensaje X / 480:00:00:000 / Root(00) / in_done /      1.00000 para top(01)
Mensaje X / 480:00:00:000 / top(01) / in_done /      1.00000 para field(02)
Mensaje D / 480:00:00:000 / field(02) / 42:00:00:000 para top(01)
Mensaje D / 480:00:00:000 / top(01) / 42:00:00:000 para Root(00)
Mensaje X / 510:00:00:000 / Root(00) / in_done /      1.00000 para top(01)
Mensaje X / 510:00:00:000 / top(01) / in_done /      1.00000 para field(02)
Mensaje D / 510:00:00:000 / field(02) / 12:00:00:000 para top(01)
Mensaje D / 510:00:00:000 / top(01) / 12:00:00:000 para Root(00)
Mensaje X / 520:00:00:000 / Root(00) / in_stop /      1.00000 para top(01)
Mensaje X / 520:00:00:000 / top(01) / in_stop /      1.00000 para field(02)
Mensaje D / 520:00:00:000 / field(02) / ... para top(01)
Mensaje D / 520:00:00:000 / top(01) / ... para Root(00)
