00:00:00:000 out_sower_field 1
00:00:00:000 out_sower_surface 100
00:00:00:000 out_sower_type 1
06:00:00:000 out_water_field 1
06:00:00:000 out_water_surface 100
06:00:00:000 out_water_type 2
78:00:00:000 out_water_field 1
78:00:00:000 out_water_surface 100
78:00:00:000 out_water_type 2
138:00:00:000 out_water_field 1
138:00:00:000 out_water_surface 100
138:00:00:000 out_water_type 2
198:00:00:000 out_harvest_field 1
198:00:00:000 out_harvest_surface 100
198:00:00:000 out_harvest_type 2
210:00:00:000 out_sower_field 1
210:00:00:000 out_sower_surface 100
210:00:00:000 out_sower_type 2
240:00:00:000 out_water_field 1
240:00:00:000 out_water_surface 100
240:00:00:000 out_water_type 3
342:00:00:000 out_water_field 1
342:00:00:000 out_water_surface 100
342:00:00:000 out_water_type 3
432:00:00:000 out_water_field 1
432:00:00:000 out_water_surface 100
432:00:00:000 out_water_type 3
