Mensaje I / 00:00:00:000 / Root(00) para top(01)
Mensaje I / 00:00:00:000 / top(01) para harvester(02)
Mensaje D / 00:00:00:000 / harvester(02) / ... para top(01)
Mensaje D / 00:00:00:000 / top(01) / ... para Root(00)
Mensaje X / 00:00:00:000 / Root(00) / in_id /      1.00000 para top(01)
Mensaje X / 00:00:00:000 / top(01) / in_id /      1.00000 para harvester(02)
Mensaje D / 00:00:00:000 / harvester(02) / ... para top(01)
Mensaje D / 00:00:00:000 / top(01) / ... para Root(00)
Mensaje X / 00:00:00:000 / Root(00) / in_type /      1.00000 para top(01)
Mensaje X / 00:00:00:000 / top(01) / in_type /      1.00000 para harvester(02)
Mensaje D / 00:00:00:000 / harvester(02) / ... para top(01)
Mensaje D / 00:00:00:000 / top(01) / ... para Root(00)
Mensaje X / 00:00:00:000 / Root(00) / in_surface /    111.00000 para top(01)
Mensaje X / 00:00:00:000 / top(01) / in_surface /    111.00000 para harvester(02)
Mensaje D / 00:00:00:000 / harvester(02) / 11:06:00:001 para top(01)
Mensaje D / 00:00:00:000 / top(01) / 11:06:00:001 para Root(00)
Mensaje * / 11:06:00:001 / Root(00) para top(01)
Mensaje * / 11:06:00:001 / top(01) para harvester(02)
Mensaje Y / 11:06:00:001 / harvester(02) / out_id /      1.00000 para top(01)
Mensaje Y / 11:06:00:001 / harvester(02) / out_bushels /  16650.00000 para top(01)
Mensaje Y / 11:06:00:001 / harvester(02) / out_type /      1.00000 para top(01)
Mensaje D / 11:06:00:001 / harvester(02) / ... para top(01)
Mensaje Y / 11:06:00:001 / top(01) / out_id /      1.00000 para Root(00)
Mensaje Y / 11:06:00:001 / top(01) / out_bushels /  16650.00000 para Root(00)
Mensaje Y / 11:06:00:001 / top(01) / out_type /      1.00000 para Root(00)
Mensaje D / 11:06:00:001 / top(01) / ... para Root(00)
Mensaje X / 35:02:00:000 / Root(00) / in_id /      3.00000 para top(01)
Mensaje X / 35:02:00:000 / top(01) / in_id /      3.00000 para harvester(02)
Mensaje D / 35:02:00:000 / harvester(02) / ... para top(01)
Mensaje D / 35:02:00:000 / top(01) / ... para Root(00)
Mensaje X / 35:02:00:000 / Root(00) / in_type /      2.00000 para top(01)
Mensaje X / 35:02:00:000 / top(01) / in_type /      2.00000 para harvester(02)
Mensaje D / 35:02:00:000 / harvester(02) / ... para top(01)
Mensaje D / 35:02:00:000 / top(01) / ... para Root(00)
Mensaje X / 35:02:00:000 / Root(00) / in_surface /    111.00000 para top(01)
Mensaje X / 35:02:00:000 / top(01) / in_surface /    111.00000 para harvester(02)
Mensaje D / 35:02:00:000 / harvester(02) / 11:06:00:001 para top(01)
Mensaje D / 35:02:00:000 / top(01) / 11:06:00:001 para Root(00)
Mensaje X / 35:02:00:000 / Root(00) / in_id /      3.00000 para top(01)
Mensaje X / 35:02:00:000 / top(01) / in_id /      3.00000 para harvester(02)
Mensaje D / 35:02:00:000 / harvester(02) / 11:06:00:001 para top(01)
Mensaje D / 35:02:00:000 / top(01) / 11:06:00:001 para Root(00)
Mensaje X / 35:02:00:000 / Root(00) / in_type /      2.00000 para top(01)
Mensaje X / 35:02:00:000 / top(01) / in_type /      2.00000 para harvester(02)
Mensaje D / 35:02:00:000 / harvester(02) / 11:06:00:001 para top(01)
Mensaje D / 35:02:00:000 / top(01) / 11:06:00:001 para Root(00)
Mensaje X / 35:02:00:000 / Root(00) / in_surface /    111.00000 para top(01)
Mensaje X / 35:02:00:000 / top(01) / in_surface /    111.00000 para harvester(02)
Mensaje D / 35:02:00:000 / harvester(02) / 11:06:00:001 para top(01)
Mensaje D / 35:02:00:000 / top(01) / 11:06:00:001 para Root(00)
Mensaje * / 46:08:00:001 / Root(00) para top(01)
Mensaje * / 46:08:00:001 / top(01) para harvester(02)
Mensaje Y / 46:08:00:001 / harvester(02) / out_id /      3.00000 para top(01)
Mensaje Y / 46:08:00:001 / harvester(02) / out_bushels /  13320.00000 para top(01)
Mensaje Y / 46:08:00:001 / harvester(02) / out_type /      2.00000 para top(01)
Mensaje D / 46:08:00:001 / harvester(02) / ... para top(01)
Mensaje Y / 46:08:00:001 / top(01) / out_id /      3.00000 para Root(00)
Mensaje Y / 46:08:00:001 / top(01) / out_bushels /  13320.00000 para Root(00)
Mensaje Y / 46:08:00:001 / top(01) / out_type /      2.00000 para Root(00)
Mensaje D / 46:08:00:001 / top(01) / ... para Root(00)
Mensaje X / 70:00:00:000 / Root(00) / in_id /      5.00000 para top(01)
Mensaje X / 70:00:00:000 / top(01) / in_id /      5.00000 para harvester(02)
Mensaje D / 70:00:00:000 / harvester(02) / ... para top(01)
Mensaje D / 70:00:00:000 / top(01) / ... para Root(00)
Mensaje X / 70:00:00:000 / Root(00) / in_type /      2.00000 para top(01)
Mensaje X / 70:00:00:000 / top(01) / in_type /      2.00000 para harvester(02)
Mensaje D / 70:00:00:000 / harvester(02) / ... para top(01)
Mensaje D / 70:00:00:000 / top(01) / ... para Root(00)
Mensaje X / 70:00:00:000 / Root(00) / in_surface /    222.00000 para top(01)
Mensaje X / 70:00:00:000 / top(01) / in_surface /    222.00000 para harvester(02)
Mensaje D / 70:00:00:000 / harvester(02) / 22:12:00:002 para top(01)
Mensaje D / 70:00:00:000 / top(01) / 22:12:00:002 para Root(00)
Mensaje * / 92:12:00:002 / Root(00) para top(01)
Mensaje * / 92:12:00:002 / top(01) para harvester(02)
Mensaje Y / 92:12:00:002 / harvester(02) / out_id /      5.00000 para top(01)
Mensaje Y / 92:12:00:002 / harvester(02) / out_bushels /  26640.00000 para top(01)
Mensaje Y / 92:12:00:002 / harvester(02) / out_type /      2.00000 para top(01)
Mensaje D / 92:12:00:002 / harvester(02) / ... para top(01)
Mensaje Y / 92:12:00:002 / top(01) / out_id /      5.00000 para Root(00)
Mensaje Y / 92:12:00:002 / top(01) / out_bushels /  26640.00000 para Root(00)
Mensaje Y / 92:12:00:002 / top(01) / out_type /      2.00000 para Root(00)
Mensaje D / 92:12:00:002 / top(01) / ... para Root(00)
Mensaje X / 100:00:00:000 / Root(00) / in_id /      6.00000 para top(01)
Mensaje X / 100:00:00:000 / top(01) / in_id /      6.00000 para harvester(02)
Mensaje D / 100:00:00:000 / harvester(02) / ... para top(01)
Mensaje D / 100:00:00:000 / top(01) / ... para Root(00)
Mensaje X / 100:00:00:000 / Root(00) / in_type /      3.00000 para top(01)
Mensaje X / 100:00:00:000 / top(01) / in_type /      3.00000 para harvester(02)
Mensaje D / 100:00:00:000 / harvester(02) / ... para top(01)
Mensaje D / 100:00:00:000 / top(01) / ... para Root(00)
Mensaje X / 100:00:00:000 / Root(00) / in_surface /    333.00000 para top(01)
Mensaje X / 100:00:00:000 / top(01) / in_surface /    333.00000 para harvester(02)
Mensaje D / 100:00:00:000 / harvester(02) / 33:17:59:997 para top(01)
Mensaje D / 100:00:00:000 / top(01) / 33:17:59:997 para Root(00)
Mensaje * / 133:17:59:997 / Root(00) para top(01)
Mensaje * / 133:17:59:997 / top(01) para harvester(02)
Mensaje Y / 133:17:59:997 / harvester(02) / out_id /      6.00000 para top(01)
Mensaje Y / 133:17:59:997 / harvester(02) / out_bushels /  56610.00000 para top(01)
Mensaje Y / 133:17:59:997 / harvester(02) / out_type /      3.00000 para top(01)
Mensaje D / 133:17:59:997 / harvester(02) / ... para top(01)
Mensaje Y / 133:17:59:997 / top(01) / out_id /      6.00000 para Root(00)
Mensaje Y / 133:17:59:997 / top(01) / out_bushels /  56610.00000 para Root(00)
Mensaje Y / 133:17:59:997 / top(01) / out_type /      3.00000 para Root(00)
Mensaje D / 133:17:59:997 / top(01) / ... para Root(00)
Mensaje X / 150:00:00:000 / Root(00) / in_id /      7.00000 para top(01)
Mensaje X / 150:00:00:000 / top(01) / in_id /      7.00000 para harvester(02)
Mensaje D / 150:00:00:000 / harvester(02) / ... para top(01)
Mensaje D / 150:00:00:000 / top(01) / ... para Root(00)
Mensaje X / 150:00:00:000 / Root(00) / in_type /      2.00000 para top(01)
Mensaje X / 150:00:00:000 / top(01) / in_type /      2.00000 para harvester(02)
Mensaje D / 150:00:00:000 / harvester(02) / ... para top(01)
Mensaje D / 150:00:00:000 / top(01) / ... para Root(00)
Mensaje X / 150:00:00:000 / Root(00) / in_surface /    111.00000 para top(01)
Mensaje X / 150:00:00:000 / top(01) / in_surface /    111.00000 para harvester(02)
Mensaje D / 150:00:00:000 / harvester(02) / 11:06:00:001 para top(01)
Mensaje D / 150:00:00:000 / top(01) / 11:06:00:001 para Root(00)
Mensaje * / 161:06:00:001 / Root(00) para top(01)
Mensaje * / 161:06:00:001 / top(01) para harvester(02)
Mensaje Y / 161:06:00:001 / harvester(02) / out_id /      7.00000 para top(01)
Mensaje Y / 161:06:00:001 / harvester(02) / out_bushels /  13320.00000 para top(01)
Mensaje Y / 161:06:00:001 / harvester(02) / out_type /      2.00000 para top(01)
Mensaje D / 161:06:00:001 / harvester(02) / ... para top(01)
Mensaje Y / 161:06:00:001 / top(01) / out_id /      7.00000 para Root(00)
Mensaje Y / 161:06:00:001 / top(01) / out_bushels /  13320.00000 para Root(00)
Mensaje Y / 161:06:00:001 / top(01) / out_type /      2.00000 para Root(00)
Mensaje D / 161:06:00:001 / top(01) / ... para Root(00)
Mensaje X / 170:00:00:000 / Root(00) / in_id /      8.00000 para top(01)
Mensaje X / 170:00:00:000 / top(01) / in_id /      8.00000 para harvester(02)
Mensaje D / 170:00:00:000 / harvester(02) / ... para top(01)
Mensaje D / 170:00:00:000 / top(01) / ... para Root(00)
Mensaje X / 170:00:00:000 / Root(00) / in_type /      3.00000 para top(01)
Mensaje X / 170:00:00:000 / top(01) / in_type /      3.00000 para harvester(02)
Mensaje D / 170:00:00:000 / harvester(02) / ... para top(01)
Mensaje D / 170:00:00:000 / top(01) / ... para Root(00)
Mensaje X / 170:00:00:000 / Root(00) / in_surface /  11111.00000 para top(01)
Mensaje X / 170:00:00:000 / top(01) / in_surface /  11111.00000 para harvester(02)
Mensaje D / 170:00:00:000 / harvester(02) / 1111:05:59:912 para top(01)
Mensaje D / 170:00:00:000 / top(01) / 1111:05:59:912 para Root(00)
Mensaje X / 300:00:00:000 / Root(00) / in_id /      8.00000 para top(01)
Mensaje X / 300:00:00:000 / top(01) / in_id /      8.00000 para harvester(02)
Mensaje D / 300:00:00:000 / harvester(02) / 981:05:59:912 para top(01)
Mensaje D / 300:00:00:000 / top(01) / 981:05:59:912 para Root(00)
Mensaje X / 300:00:00:000 / Root(00) / in_type /      3.00000 para top(01)
Mensaje X / 300:00:00:000 / top(01) / in_type /      3.00000 para harvester(02)
Mensaje D / 300:00:00:000 / harvester(02) / 981:05:59:912 para top(01)
Mensaje D / 300:00:00:000 / top(01) / 981:05:59:912 para Root(00)
Mensaje X / 300:00:00:000 / Root(00) / in_surface /    111.00000 para top(01)
Mensaje X / 300:00:00:000 / top(01) / in_surface /    111.00000 para harvester(02)
Mensaje D / 300:00:00:000 / harvester(02) / 981:05:59:912 para top(01)
Mensaje D / 300:00:00:000 / top(01) / 981:05:59:912 para Root(00)
Mensaje * / 1281:05:59:912 / Root(00) para top(01)
Mensaje * / 1281:05:59:912 / top(01) para harvester(02)
Mensaje Y / 1281:05:59:912 / harvester(02) / out_id /      8.00000 para top(01)
Mensaje Y / 1281:05:59:912 / harvester(02) / out_bushels / 1888870.00000 para top(01)
Mensaje Y / 1281:05:59:912 / harvester(02) / out_type /      3.00000 para top(01)
Mensaje D / 1281:05:59:912 / harvester(02) / ... para top(01)
Mensaje Y / 1281:05:59:912 / top(01) / out_id /      8.00000 para Root(00)
Mensaje Y / 1281:05:59:912 / top(01) / out_bushels / 1888870.00000 para Root(00)
Mensaje Y / 1281:05:59:912 / top(01) / out_type /      3.00000 para Root(00)
Mensaje D / 1281:05:59:912 / top(01) / ... para Root(00)
Mensaje X / 1300:00:00:000 / Root(00) / in_id /      9.00000 para top(01)
Mensaje X / 1300:00:00:000 / top(01) / in_id /      9.00000 para harvester(02)
Mensaje D / 1300:00:00:000 / harvester(02) / ... para top(01)
Mensaje D / 1300:00:00:000 / top(01) / ... para Root(00)
Mensaje X / 1300:00:00:000 / Root(00) / in_type /      1.00000 para top(01)
Mensaje X / 1300:00:00:000 / top(01) / in_type /      1.00000 para harvester(02)
Mensaje D / 1300:00:00:000 / harvester(02) / ... para top(01)
Mensaje D / 1300:00:00:000 / top(01) / ... para Root(00)
Mensaje X / 1300:00:00:000 / Root(00) / in_surface /    333.00000 para top(01)
Mensaje X / 1300:00:00:000 / top(01) / in_surface /    333.00000 para harvester(02)
Mensaje D / 1300:00:00:000 / harvester(02) / 33:17:59:997 para top(01)
Mensaje D / 1300:00:00:000 / top(01) / 33:17:59:997 para Root(00)
Mensaje * / 1333:17:59:997 / Root(00) para top(01)
Mensaje * / 1333:17:59:997 / top(01) para harvester(02)
Mensaje Y / 1333:17:59:997 / harvester(02) / out_id /      9.00000 para top(01)
Mensaje Y / 1333:17:59:997 / harvester(02) / out_bushels /  49950.00000 para top(01)
Mensaje Y / 1333:17:59:997 / harvester(02) / out_type /      1.00000 para top(01)
Mensaje D / 1333:17:59:997 / harvester(02) / ... para top(01)
Mensaje Y / 1333:17:59:997 / top(01) / out_id /      9.00000 para Root(00)
Mensaje Y / 1333:17:59:997 / top(01) / out_bushels /  49950.00000 para Root(00)
Mensaje Y / 1333:17:59:997 / top(01) / out_type /      1.00000 para Root(00)
Mensaje D / 1333:17:59:997 / top(01) / ... para Root(00)
Mensaje X / 1350:00:00:000 / Root(00) / in_id /     10.00000 para top(01)
Mensaje X / 1350:00:00:000 / top(01) / in_id /     10.00000 para harvester(02)
Mensaje D / 1350:00:00:000 / harvester(02) / ... para top(01)
Mensaje D / 1350:00:00:000 / top(01) / ... para Root(00)
Mensaje X / 1350:00:00:000 / Root(00) / in_type /      3.00000 para top(01)
Mensaje X / 1350:00:00:000 / top(01) / in_type /      3.00000 para harvester(02)
Mensaje D / 1350:00:00:000 / harvester(02) / ... para top(01)
Mensaje D / 1350:00:00:000 / top(01) / ... para Root(00)
Mensaje X / 1350:00:00:000 / Root(00) / in_surface /    111.00000 para top(01)
Mensaje X / 1350:00:00:000 / top(01) / in_surface /    111.00000 para harvester(02)
Mensaje D / 1350:00:00:000 / harvester(02) / 11:06:00:001 para top(01)
Mensaje D / 1350:00:00:000 / top(01) / 11:06:00:001 para Root(00)
Mensaje * / 1361:06:00:001 / Root(00) para top(01)
Mensaje * / 1361:06:00:001 / top(01) para harvester(02)
Mensaje Y / 1361:06:00:001 / harvester(02) / out_id /     10.00000 para top(01)
Mensaje Y / 1361:06:00:001 / harvester(02) / out_bushels /  18870.00000 para top(01)
Mensaje Y / 1361:06:00:001 / harvester(02) / out_type /      3.00000 para top(01)
Mensaje D / 1361:06:00:001 / harvester(02) / ... para top(01)
Mensaje Y / 1361:06:00:001 / top(01) / out_id /     10.00000 para Root(00)
Mensaje Y / 1361:06:00:001 / top(01) / out_bushels /  18870.00000 para Root(00)
Mensaje Y / 1361:06:00:001 / top(01) / out_type /      3.00000 para Root(00)
Mensaje D / 1361:06:00:001 / top(01) / ... para Root(00)
