Mensaje I / 00:00:00:000 / Root(00) para top(01)
Mensaje I / 00:00:00:000 / top(01) para queue(02)
Mensaje I / 00:00:00:000 / top(01) para harvester(03)
Mensaje D / 00:00:00:000 / queue(02) / ... para top(01)
Mensaje D / 00:00:00:000 / harvester(03) / ... para top(01)
Mensaje D / 00:00:00:000 / top(01) / ... para Root(00)
Mensaje X / 00:00:00:000 / Root(00) / in_surface /    111.00000 para top(01)
Mensaje X / 00:00:00:000 / top(01) / in_surface /    111.00000 para queue(02)
Mensaje D / 00:00:00:000 / queue(02) / ... para top(01)
Mensaje D / 00:00:00:000 / top(01) / ... para Root(00)
Mensaje X / 00:00:00:000 / Root(00) / in_field /      1.00000 para top(01)
Mensaje X / 00:00:00:000 / top(01) / in_field /      1.00000 para queue(02)
Mensaje D / 00:00:00:000 / queue(02) / ... para top(01)
Mensaje D / 00:00:00:000 / top(01) / ... para Root(00)
Mensaje X / 00:00:00:000 / Root(00) / in_type /      1.00000 para top(01)
Mensaje X / 00:00:00:000 / top(01) / in_type /      1.00000 para queue(02)
Mensaje D / 00:00:00:000 / queue(02) / 00:00:00:000 para top(01)
Mensaje D / 00:00:00:000 / top(01) / 00:00:00:000 para Root(00)
Mensaje * / 00:00:00:000 / Root(00) para top(01)
Mensaje * / 00:00:00:000 / top(01) para queue(02)
Mensaje Y / 00:00:00:000 / queue(02) / out_id /      1.00000 para top(01)
Mensaje Y / 00:00:00:000 / queue(02) / out_surface /    111.00000 para top(01)
Mensaje Y / 00:00:00:000 / queue(02) / out_type /      1.00000 para top(01)
Mensaje D / 00:00:00:000 / queue(02) / ... para top(01)
Mensaje X / 00:00:00:000 / top(01) / in_id /      1.00000 para harvester(03)
Mensaje X / 00:00:00:000 / top(01) / in_surface /    111.00000 para harvester(03)
Mensaje X / 00:00:00:000 / top(01) / in_type /      1.00000 para harvester(03)
Mensaje D / 00:00:00:000 / harvester(03) / ... para top(01)
Mensaje D / 00:00:00:000 / harvester(03) / ... para top(01)
Mensaje D / 00:00:00:000 / harvester(03) / 11:06:00:001 para top(01)
Mensaje D / 00:00:00:000 / top(01) / 11:06:00:001 para Root(00)
Mensaje * / 11:06:00:001 / Root(00) para top(01)
Mensaje * / 11:06:00:001 / top(01) para harvester(03)
Mensaje Y / 11:06:00:001 / harvester(03) / out_id /      1.00000 para top(01)
Mensaje Y / 11:06:00:001 / harvester(03) / out_bushels /  16650.00000 para top(01)
Mensaje Y / 11:06:00:001 / harvester(03) / out_type /      1.00000 para top(01)
Mensaje D / 11:06:00:001 / harvester(03) / ... para top(01)
Mensaje X / 11:06:00:001 / top(01) / in_done /      1.00000 para queue(02)
Mensaje Y / 11:06:00:001 / top(01) / out_bushels /  16650.00000 para Root(00)
Mensaje Y / 11:06:00:001 / top(01) / out_type /      1.00000 para Root(00)
Mensaje D / 11:06:00:001 / queue(02) / 00:00:00:000 para top(01)
Mensaje D / 11:06:00:001 / top(01) / 00:00:00:000 para Root(00)
Mensaje * / 11:06:00:001 / Root(00) para top(01)
Mensaje * / 11:06:00:001 / top(01) para queue(02)
Mensaje Y / 11:06:00:001 / queue(02) / out_field_1 /      1.00000 para top(01)
Mensaje D / 11:06:00:001 / queue(02) / ... para top(01)
Mensaje Y / 11:06:00:001 / top(01) / out_field_1 /      1.00000 para Root(00)
Mensaje D / 11:06:00:001 / top(01) / ... para Root(00)
Mensaje X / 12:00:00:000 / Root(00) / in_surface /    222.00000 para top(01)
Mensaje X / 12:00:00:000 / top(01) / in_surface /    222.00000 para queue(02)
Mensaje D / 12:00:00:000 / queue(02) / ... para top(01)
Mensaje D / 12:00:00:000 / top(01) / ... para Root(00)
Mensaje X / 12:00:00:000 / Root(00) / in_field /      2.00000 para top(01)
Mensaje X / 12:00:00:000 / top(01) / in_field /      2.00000 para queue(02)
Mensaje D / 12:00:00:000 / queue(02) / ... para top(01)
Mensaje D / 12:00:00:000 / top(01) / ... para Root(00)
Mensaje X / 12:00:00:000 / Root(00) / in_type /      3.00000 para top(01)
Mensaje X / 12:00:00:000 / top(01) / in_type /      3.00000 para queue(02)
Mensaje D / 12:00:00:000 / queue(02) / 00:00:00:000 para top(01)
Mensaje D / 12:00:00:000 / top(01) / 00:00:00:000 para Root(00)
Mensaje X / 12:00:00:000 / Root(00) / in_surface /    333.00000 para top(01)
Mensaje X / 12:00:00:000 / top(01) / in_surface /    333.00000 para queue(02)
Mensaje D / 12:00:00:000 / queue(02) / 00:00:00:000 para top(01)
Mensaje D / 12:00:00:000 / top(01) / 00:00:00:000 para Root(00)
Mensaje X / 12:00:00:000 / Root(00) / in_field /      3.00000 para top(01)
Mensaje X / 12:00:00:000 / top(01) / in_field /      3.00000 para queue(02)
Mensaje D / 12:00:00:000 / queue(02) / 00:00:00:000 para top(01)
Mensaje D / 12:00:00:000 / top(01) / 00:00:00:000 para Root(00)
Mensaje X / 12:00:00:000 / Root(00) / in_type /      1.00000 para top(01)
Mensaje X / 12:00:00:000 / top(01) / in_type /      1.00000 para queue(02)
Mensaje D / 12:00:00:000 / queue(02) / 00:00:00:000 para top(01)
Mensaje D / 12:00:00:000 / top(01) / 00:00:00:000 para Root(00)
Mensaje * / 12:00:00:000 / Root(00) para top(01)
Mensaje * / 12:00:00:000 / top(01) para queue(02)
Mensaje Y / 12:00:00:000 / queue(02) / out_id /      2.00000 para top(01)
Mensaje Y / 12:00:00:000 / queue(02) / out_surface /    222.00000 para top(01)
Mensaje Y / 12:00:00:000 / queue(02) / out_type /      3.00000 para top(01)
Mensaje D / 12:00:00:000 / queue(02) / ... para top(01)
Mensaje X / 12:00:00:000 / top(01) / in_id /      2.00000 para harvester(03)
Mensaje X / 12:00:00:000 / top(01) / in_surface /    222.00000 para harvester(03)
Mensaje X / 12:00:00:000 / top(01) / in_type /      3.00000 para harvester(03)
Mensaje D / 12:00:00:000 / harvester(03) / ... para top(01)
Mensaje D / 12:00:00:000 / harvester(03) / ... para top(01)
Mensaje D / 12:00:00:000 / harvester(03) / 22:12:00:002 para top(01)
Mensaje D / 12:00:00:000 / top(01) / 22:12:00:002 para Root(00)
Mensaje * / 34:12:00:002 / Root(00) para top(01)
Mensaje * / 34:12:00:002 / top(01) para harvester(03)
Mensaje Y / 34:12:00:002 / harvester(03) / out_id /      2.00000 para top(01)
Mensaje Y / 34:12:00:002 / harvester(03) / out_bushels /  37740.00000 para top(01)
Mensaje Y / 34:12:00:002 / harvester(03) / out_type /      3.00000 para top(01)
Mensaje D / 34:12:00:002 / harvester(03) / ... para top(01)
Mensaje X / 34:12:00:002 / top(01) / in_done /      2.00000 para queue(02)
Mensaje Y / 34:12:00:002 / top(01) / out_bushels /  37740.00000 para Root(00)
Mensaje Y / 34:12:00:002 / top(01) / out_type /      3.00000 para Root(00)
Mensaje D / 34:12:00:002 / queue(02) / 00:00:00:000 para top(01)
Mensaje D / 34:12:00:002 / top(01) / 00:00:00:000 para Root(00)
Mensaje * / 34:12:00:002 / Root(00) para top(01)
Mensaje * / 34:12:00:002 / top(01) para queue(02)
Mensaje Y / 34:12:00:002 / queue(02) / out_field_2 /      2.00000 para top(01)
Mensaje Y / 34:12:00:002 / queue(02) / out_id /      3.00000 para top(01)
Mensaje Y / 34:12:00:002 / queue(02) / out_surface /    333.00000 para top(01)
Mensaje Y / 34:12:00:002 / queue(02) / out_type /      1.00000 para top(01)
Mensaje D / 34:12:00:002 / queue(02) / ... para top(01)
Mensaje Y / 34:12:00:002 / top(01) / out_field_2 /      2.00000 para Root(00)
Mensaje X / 34:12:00:002 / top(01) / in_id /      3.00000 para harvester(03)
Mensaje X / 34:12:00:002 / top(01) / in_surface /    333.00000 para harvester(03)
Mensaje X / 34:12:00:002 / top(01) / in_type /      1.00000 para harvester(03)
Mensaje D / 34:12:00:002 / harvester(03) / ... para top(01)
Mensaje D / 34:12:00:002 / harvester(03) / ... para top(01)
Mensaje D / 34:12:00:002 / harvester(03) / 33:17:59:997 para top(01)
Mensaje D / 34:12:00:002 / top(01) / 33:17:59:997 para Root(00)
Mensaje X / 35:00:00:000 / Root(00) / in_surface /    111.00000 para top(01)
Mensaje X / 35:00:00:000 / top(01) / in_surface /    111.00000 para queue(02)
Mensaje D / 35:00:00:000 / queue(02) / ... para top(01)
Mensaje D / 35:00:00:000 / top(01) / 32:29:59:999 para Root(00)
Mensaje X / 35:00:00:000 / Root(00) / in_field /      3.00000 para top(01)
Mensaje X / 35:00:00:000 / top(01) / in_field /      3.00000 para queue(02)
Mensaje D / 35:00:00:000 / queue(02) / ... para top(01)
Mensaje D / 35:00:00:000 / top(01) / 32:29:59:999 para Root(00)
Mensaje X / 35:00:00:000 / Root(00) / in_type /      2.00000 para top(01)
Mensaje X / 35:00:00:000 / top(01) / in_type /      2.00000 para queue(02)
Mensaje D / 35:00:00:000 / queue(02) / ... para top(01)
Mensaje D / 35:00:00:000 / top(01) / 32:29:59:999 para Root(00)
Mensaje X / 50:00:00:000 / Root(00) / in_surface /    111.00000 para top(01)
Mensaje X / 50:00:00:000 / top(01) / in_surface /    111.00000 para queue(02)
Mensaje D / 50:00:00:000 / queue(02) / ... para top(01)
Mensaje D / 50:00:00:000 / top(01) / 17:29:59:999 para Root(00)
Mensaje X / 50:00:00:000 / Root(00) / in_field /      3.00000 para top(01)
Mensaje X / 50:00:00:000 / top(01) / in_field /      3.00000 para queue(02)
Mensaje D / 50:00:00:000 / queue(02) / ... para top(01)
Mensaje D / 50:00:00:000 / top(01) / 17:29:59:999 para Root(00)
Mensaje X / 50:00:00:000 / Root(00) / in_type /      3.00000 para top(01)
Mensaje X / 50:00:00:000 / top(01) / in_type /      3.00000 para queue(02)
Mensaje D / 50:00:00:000 / queue(02) / ... para top(01)
Mensaje D / 50:00:00:000 / top(01) / 17:29:59:999 para Root(00)
Mensaje X / 50:00:00:000 / Root(00) / in_surface /    222.00000 para top(01)
Mensaje X / 50:00:00:000 / top(01) / in_surface /    222.00000 para queue(02)
Mensaje D / 50:00:00:000 / queue(02) / ... para top(01)
Mensaje D / 50:00:00:000 / top(01) / 17:29:59:999 para Root(00)
Mensaje X / 50:00:00:000 / Root(00) / in_field /      2.00000 para top(01)
Mensaje X / 50:00:00:000 / top(01) / in_field /      2.00000 para queue(02)
Mensaje D / 50:00:00:000 / queue(02) / ... para top(01)
Mensaje D / 50:00:00:000 / top(01) / 17:29:59:999 para Root(00)
Mensaje X / 50:00:00:000 / Root(00) / in_type /      2.00000 para top(01)
Mensaje X / 50:00:00:000 / top(01) / in_type /      2.00000 para queue(02)
Mensaje D / 50:00:00:000 / queue(02) / ... para top(01)
Mensaje D / 50:00:00:000 / top(01) / 17:29:59:999 para Root(00)
Mensaje * / 67:29:59:999 / Root(00) para top(01)
Mensaje * / 67:29:59:999 / top(01) para harvester(03)
Mensaje Y / 67:29:59:999 / harvester(03) / out_id /      3.00000 para top(01)
Mensaje Y / 67:29:59:999 / harvester(03) / out_bushels /  49950.00000 para top(01)
Mensaje Y / 67:29:59:999 / harvester(03) / out_type /      1.00000 para top(01)
Mensaje D / 67:29:59:999 / harvester(03) / ... para top(01)
Mensaje X / 67:29:59:999 / top(01) / in_done /      3.00000 para queue(02)
Mensaje Y / 67:29:59:999 / top(01) / out_bushels /  49950.00000 para Root(00)
Mensaje Y / 67:29:59:999 / top(01) / out_type /      1.00000 para Root(00)
Mensaje D / 67:29:59:999 / queue(02) / 00:00:00:000 para top(01)
Mensaje D / 67:29:59:999 / top(01) / 00:00:00:000 para Root(00)
Mensaje * / 67:29:59:999 / Root(00) para top(01)
Mensaje * / 67:29:59:999 / top(01) para queue(02)
Mensaje Y / 67:29:59:999 / queue(02) / out_field_3 /      3.00000 para top(01)
Mensaje Y / 67:29:59:999 / queue(02) / out_id /      4.00000 para top(01)
Mensaje Y / 67:29:59:999 / queue(02) / out_surface /    111.00000 para top(01)
Mensaje Y / 67:29:59:999 / queue(02) / out_type /      2.00000 para top(01)
Mensaje D / 67:29:59:999 / queue(02) / ... para top(01)
Mensaje Y / 67:29:59:999 / top(01) / out_field_3 /      3.00000 para Root(00)
Mensaje X / 67:29:59:999 / top(01) / in_id /      4.00000 para harvester(03)
Mensaje X / 67:29:59:999 / top(01) / in_surface /    111.00000 para harvester(03)
Mensaje X / 67:29:59:999 / top(01) / in_type /      2.00000 para harvester(03)
Mensaje D / 67:29:59:999 / harvester(03) / ... para top(01)
Mensaje D / 67:29:59:999 / harvester(03) / ... para top(01)
Mensaje D / 67:29:59:999 / harvester(03) / 11:06:00:001 para top(01)
Mensaje D / 67:29:59:999 / top(01) / 11:06:00:001 para Root(00)
Mensaje X / 70:00:00:000 / Root(00) / in_surface /    333.00000 para top(01)
Mensaje X / 70:00:00:000 / top(01) / in_surface /    333.00000 para queue(02)
Mensaje D / 70:00:00:000 / queue(02) / ... para top(01)
Mensaje D / 70:00:00:000 / top(01) / 08:36:00:000 para Root(00)
Mensaje X / 70:00:00:000 / Root(00) / in_field /      1.00000 para top(01)
Mensaje X / 70:00:00:000 / top(01) / in_field /      1.00000 para queue(02)
Mensaje D / 70:00:00:000 / queue(02) / ... para top(01)
Mensaje D / 70:00:00:000 / top(01) / 08:36:00:000 para Root(00)
Mensaje X / 70:00:00:000 / Root(00) / in_type /      3.00000 para top(01)
Mensaje X / 70:00:00:000 / top(01) / in_type /      3.00000 para queue(02)
Mensaje D / 70:00:00:000 / queue(02) / ... para top(01)
Mensaje D / 70:00:00:000 / top(01) / 08:36:00:000 para Root(00)
Mensaje X / 75:00:00:000 / Root(00) / in_surface /    111.00000 para top(01)
Mensaje X / 75:00:00:000 / top(01) / in_surface /    111.00000 para queue(02)
Mensaje D / 75:00:00:000 / queue(02) / ... para top(01)
Mensaje D / 75:00:00:000 / top(01) / 03:36:00:000 para Root(00)
Mensaje X / 75:00:00:000 / Root(00) / in_field /      2.00000 para top(01)
Mensaje X / 75:00:00:000 / top(01) / in_field /      2.00000 para queue(02)
Mensaje D / 75:00:00:000 / queue(02) / ... para top(01)
Mensaje D / 75:00:00:000 / top(01) / 03:36:00:000 para Root(00)
Mensaje X / 75:00:00:000 / Root(00) / in_type /      2.00000 para top(01)
Mensaje X / 75:00:00:000 / top(01) / in_type /      2.00000 para queue(02)
Mensaje D / 75:00:00:000 / queue(02) / ... para top(01)
Mensaje D / 75:00:00:000 / top(01) / 03:36:00:000 para Root(00)
Mensaje * / 78:36:00:000 / Root(00) para top(01)
Mensaje * / 78:36:00:000 / top(01) para harvester(03)
Mensaje Y / 78:36:00:000 / harvester(03) / out_id /      4.00000 para top(01)
Mensaje Y / 78:36:00:000 / harvester(03) / out_bushels /  13320.00000 para top(01)
Mensaje Y / 78:36:00:000 / harvester(03) / out_type /      2.00000 para top(01)
Mensaje D / 78:36:00:000 / harvester(03) / ... para top(01)
Mensaje X / 78:36:00:000 / top(01) / in_done /      4.00000 para queue(02)
Mensaje Y / 78:36:00:000 / top(01) / out_bushels /  13320.00000 para Root(00)
Mensaje Y / 78:36:00:000 / top(01) / out_type /      2.00000 para Root(00)
Mensaje D / 78:36:00:000 / queue(02) / 00:00:00:000 para top(01)
Mensaje D / 78:36:00:000 / top(01) / 00:00:00:000 para Root(00)
Mensaje * / 78:36:00:000 / Root(00) para top(01)
Mensaje * / 78:36:00:000 / top(01) para queue(02)
Mensaje Y / 78:36:00:000 / queue(02) / out_field_3 /      4.00000 para top(01)
Mensaje Y / 78:36:00:000 / queue(02) / out_id /      5.00000 para top(01)
Mensaje Y / 78:36:00:000 / queue(02) / out_surface /    111.00000 para top(01)
Mensaje Y / 78:36:00:000 / queue(02) / out_type /      3.00000 para top(01)
Mensaje D / 78:36:00:000 / queue(02) / ... para top(01)
Mensaje Y / 78:36:00:000 / top(01) / out_field_3 /      4.00000 para Root(00)
Mensaje X / 78:36:00:000 / top(01) / in_id /      5.00000 para harvester(03)
Mensaje X / 78:36:00:000 / top(01) / in_surface /    111.00000 para harvester(03)
Mensaje X / 78:36:00:000 / top(01) / in_type /      3.00000 para harvester(03)
Mensaje D / 78:36:00:000 / harvester(03) / ... para top(01)
Mensaje D / 78:36:00:000 / harvester(03) / ... para top(01)
Mensaje D / 78:36:00:000 / harvester(03) / 11:06:00:001 para top(01)
Mensaje D / 78:36:00:000 / top(01) / 11:06:00:001 para Root(00)
Mensaje * / 89:42:00:001 / Root(00) para top(01)
Mensaje * / 89:42:00:001 / top(01) para harvester(03)
Mensaje Y / 89:42:00:001 / harvester(03) / out_id /      5.00000 para top(01)
Mensaje Y / 89:42:00:001 / harvester(03) / out_bushels /  18870.00000 para top(01)
Mensaje Y / 89:42:00:001 / harvester(03) / out_type /      3.00000 para top(01)
Mensaje D / 89:42:00:001 / harvester(03) / ... para top(01)
Mensaje X / 89:42:00:001 / top(01) / in_done /      5.00000 para queue(02)
Mensaje Y / 89:42:00:001 / top(01) / out_bushels /  18870.00000 para Root(00)
Mensaje Y / 89:42:00:001 / top(01) / out_type /      3.00000 para Root(00)
Mensaje D / 89:42:00:001 / queue(02) / 00:00:00:000 para top(01)
Mensaje D / 89:42:00:001 / top(01) / 00:00:00:000 para Root(00)
Mensaje * / 89:42:00:001 / Root(00) para top(01)
Mensaje * / 89:42:00:001 / top(01) para queue(02)
Mensaje Y / 89:42:00:001 / queue(02) / out_field_3 /      5.00000 para top(01)
Mensaje Y / 89:42:00:001 / queue(02) / out_id /      6.00000 para top(01)
Mensaje Y / 89:42:00:001 / queue(02) / out_surface /    222.00000 para top(01)
Mensaje Y / 89:42:00:001 / queue(02) / out_type /      2.00000 para top(01)
Mensaje D / 89:42:00:001 / queue(02) / ... para top(01)
Mensaje Y / 89:42:00:001 / top(01) / out_field_3 /      5.00000 para Root(00)
Mensaje X / 89:42:00:001 / top(01) / in_id /      6.00000 para harvester(03)
Mensaje X / 89:42:00:001 / top(01) / in_surface /    222.00000 para harvester(03)
Mensaje X / 89:42:00:001 / top(01) / in_type /      2.00000 para harvester(03)
Mensaje D / 89:42:00:001 / harvester(03) / ... para top(01)
Mensaje D / 89:42:00:001 / harvester(03) / ... para top(01)
Mensaje D / 89:42:00:001 / harvester(03) / 22:12:00:002 para top(01)
Mensaje D / 89:42:00:001 / top(01) / 22:12:00:002 para Root(00)
Mensaje * / 111:54:00:003 / Root(00) para top(01)
Mensaje * / 111:54:00:003 / top(01) para harvester(03)
Mensaje Y / 111:54:00:003 / harvester(03) / out_id /      6.00000 para top(01)
Mensaje Y / 111:54:00:003 / harvester(03) / out_bushels /  26640.00000 para top(01)
Mensaje Y / 111:54:00:003 / harvester(03) / out_type /      2.00000 para top(01)
Mensaje D / 111:54:00:003 / harvester(03) / ... para top(01)
Mensaje X / 111:54:00:003 / top(01) / in_done /      6.00000 para queue(02)
Mensaje Y / 111:54:00:003 / top(01) / out_bushels /  26640.00000 para Root(00)
Mensaje Y / 111:54:00:003 / top(01) / out_type /      2.00000 para Root(00)
Mensaje D / 111:54:00:003 / queue(02) / 00:00:00:000 para top(01)
Mensaje D / 111:54:00:003 / top(01) / 00:00:00:000 para Root(00)
Mensaje * / 111:54:00:003 / Root(00) para top(01)
Mensaje * / 111:54:00:003 / top(01) para queue(02)
Mensaje Y / 111:54:00:003 / queue(02) / out_field_2 /      6.00000 para top(01)
Mensaje Y / 111:54:00:003 / queue(02) / out_id /      7.00000 para top(01)
Mensaje Y / 111:54:00:003 / queue(02) / out_surface /    333.00000 para top(01)
Mensaje Y / 111:54:00:003 / queue(02) / out_type /      3.00000 para top(01)
Mensaje D / 111:54:00:003 / queue(02) / ... para top(01)
Mensaje Y / 111:54:00:003 / top(01) / out_field_2 /      6.00000 para Root(00)
Mensaje X / 111:54:00:003 / top(01) / in_id /      7.00000 para harvester(03)
Mensaje X / 111:54:00:003 / top(01) / in_surface /    333.00000 para harvester(03)
Mensaje X / 111:54:00:003 / top(01) / in_type /      3.00000 para harvester(03)
Mensaje D / 111:54:00:003 / harvester(03) / ... para top(01)
Mensaje D / 111:54:00:003 / harvester(03) / ... para top(01)
Mensaje D / 111:54:00:003 / harvester(03) / 33:17:59:997 para top(01)
Mensaje D / 111:54:00:003 / top(01) / 33:17:59:997 para Root(00)
Mensaje * / 145:12:00:000 / Root(00) para top(01)
Mensaje * / 145:12:00:000 / top(01) para harvester(03)
Mensaje Y / 145:12:00:000 / harvester(03) / out_id /      7.00000 para top(01)
Mensaje Y / 145:12:00:000 / harvester(03) / out_bushels /  56610.00000 para top(01)
Mensaje Y / 145:12:00:000 / harvester(03) / out_type /      3.00000 para top(01)
Mensaje D / 145:12:00:000 / harvester(03) / ... para top(01)
Mensaje X / 145:12:00:000 / top(01) / in_done /      7.00000 para queue(02)
Mensaje Y / 145:12:00:000 / top(01) / out_bushels /  56610.00000 para Root(00)
Mensaje Y / 145:12:00:000 / top(01) / out_type /      3.00000 para Root(00)
Mensaje D / 145:12:00:000 / queue(02) / 00:00:00:000 para top(01)
Mensaje D / 145:12:00:000 / top(01) / 00:00:00:000 para Root(00)
Mensaje * / 145:12:00:000 / Root(00) para top(01)
Mensaje * / 145:12:00:000 / top(01) para queue(02)
Mensaje Y / 145:12:00:000 / queue(02) / out_field_1 /      7.00000 para top(01)
Mensaje Y / 145:12:00:000 / queue(02) / out_id /      8.00000 para top(01)
Mensaje Y / 145:12:00:000 / queue(02) / out_surface /    111.00000 para top(01)
Mensaje Y / 145:12:00:000 / queue(02) / out_type /      2.00000 para top(01)
Mensaje D / 145:12:00:000 / queue(02) / ... para top(01)
Mensaje Y / 145:12:00:000 / top(01) / out_field_1 /      7.00000 para Root(00)
Mensaje X / 145:12:00:000 / top(01) / in_id /      8.00000 para harvester(03)
Mensaje X / 145:12:00:000 / top(01) / in_surface /    111.00000 para harvester(03)
Mensaje X / 145:12:00:000 / top(01) / in_type /      2.00000 para harvester(03)
Mensaje D / 145:12:00:000 / harvester(03) / ... para top(01)
Mensaje D / 145:12:00:000 / harvester(03) / ... para top(01)
Mensaje D / 145:12:00:000 / harvester(03) / 11:06:00:001 para top(01)
Mensaje D / 145:12:00:000 / top(01) / 11:06:00:001 para Root(00)
Mensaje X / 150:00:00:000 / Root(00) / in_surface /    222.00000 para top(01)
Mensaje X / 150:00:00:000 / top(01) / in_surface /    222.00000 para queue(02)
Mensaje D / 150:00:00:000 / queue(02) / ... para top(01)
Mensaje D / 150:00:00:000 / top(01) / 06:18:00:001 para Root(00)
Mensaje X / 150:00:00:000 / Root(00) / in_field /      2.00000 para top(01)
Mensaje X / 150:00:00:000 / top(01) / in_field /      2.00000 para queue(02)
Mensaje D / 150:00:00:000 / queue(02) / ... para top(01)
Mensaje D / 150:00:00:000 / top(01) / 06:18:00:001 para Root(00)
Mensaje X / 150:00:00:000 / Root(00) / in_type /      2.00000 para top(01)
Mensaje X / 150:00:00:000 / top(01) / in_type /      2.00000 para queue(02)
Mensaje D / 150:00:00:000 / queue(02) / ... para top(01)
Mensaje D / 150:00:00:000 / top(01) / 06:18:00:001 para Root(00)
Mensaje X / 150:00:00:000 / Root(00) / in_surface /    222.00000 para top(01)
Mensaje X / 150:00:00:000 / top(01) / in_surface /    222.00000 para queue(02)
Mensaje D / 150:00:00:000 / queue(02) / ... para top(01)
Mensaje D / 150:00:00:000 / top(01) / 06:18:00:001 para Root(00)
Mensaje X / 150:00:00:000 / Root(00) / in_field /      2.00000 para top(01)
Mensaje X / 150:00:00:000 / top(01) / in_field /      2.00000 para queue(02)
Mensaje D / 150:00:00:000 / queue(02) / ... para top(01)
Mensaje D / 150:00:00:000 / top(01) / 06:18:00:001 para Root(00)
Mensaje X / 150:00:00:000 / Root(00) / in_type /      2.00000 para top(01)
Mensaje X / 150:00:00:000 / top(01) / in_type /      2.00000 para queue(02)
Mensaje D / 150:00:00:000 / queue(02) / ... para top(01)
Mensaje D / 150:00:00:000 / top(01) / 06:18:00:001 para Root(00)
Mensaje * / 156:18:00:001 / Root(00) para top(01)
Mensaje * / 156:18:00:001 / top(01) para harvester(03)
Mensaje Y / 156:18:00:001 / harvester(03) / out_id /      8.00000 para top(01)
Mensaje Y / 156:18:00:001 / harvester(03) / out_bushels /  13320.00000 para top(01)
Mensaje Y / 156:18:00:001 / harvester(03) / out_type /      2.00000 para top(01)
Mensaje D / 156:18:00:001 / harvester(03) / ... para top(01)
Mensaje X / 156:18:00:001 / top(01) / in_done /      8.00000 para queue(02)
Mensaje Y / 156:18:00:001 / top(01) / out_bushels /  13320.00000 para Root(00)
Mensaje Y / 156:18:00:001 / top(01) / out_type /      2.00000 para Root(00)
Mensaje D / 156:18:00:001 / queue(02) / 00:00:00:000 para top(01)
Mensaje D / 156:18:00:001 / top(01) / 00:00:00:000 para Root(00)
Mensaje * / 156:18:00:001 / Root(00) para top(01)
Mensaje * / 156:18:00:001 / top(01) para queue(02)
Mensaje Y / 156:18:00:001 / queue(02) / out_field_2 /      8.00000 para top(01)
Mensaje Y / 156:18:00:001 / queue(02) / out_id /      9.00000 para top(01)
Mensaje Y / 156:18:00:001 / queue(02) / out_surface /    222.00000 para top(01)
Mensaje Y / 156:18:00:001 / queue(02) / out_type /      2.00000 para top(01)
Mensaje D / 156:18:00:001 / queue(02) / ... para top(01)
Mensaje Y / 156:18:00:001 / top(01) / out_field_2 /      8.00000 para Root(00)
Mensaje X / 156:18:00:001 / top(01) / in_id /      9.00000 para harvester(03)
Mensaje X / 156:18:00:001 / top(01) / in_surface /    222.00000 para harvester(03)
Mensaje X / 156:18:00:001 / top(01) / in_type /      2.00000 para harvester(03)
Mensaje D / 156:18:00:001 / harvester(03) / ... para top(01)
Mensaje D / 156:18:00:001 / harvester(03) / ... para top(01)
Mensaje D / 156:18:00:001 / harvester(03) / 22:12:00:002 para top(01)
Mensaje D / 156:18:00:001 / top(01) / 22:12:00:002 para Root(00)
Mensaje * / 178:30:00:003 / Root(00) para top(01)
Mensaje * / 178:30:00:003 / top(01) para harvester(03)
Mensaje Y / 178:30:00:003 / harvester(03) / out_id /      9.00000 para top(01)
Mensaje Y / 178:30:00:003 / harvester(03) / out_bushels /  26640.00000 para top(01)
Mensaje Y / 178:30:00:003 / harvester(03) / out_type /      2.00000 para top(01)
Mensaje D / 178:30:00:003 / harvester(03) / ... para top(01)
Mensaje X / 178:30:00:003 / top(01) / in_done /      9.00000 para queue(02)
Mensaje Y / 178:30:00:003 / top(01) / out_bushels /  26640.00000 para Root(00)
Mensaje Y / 178:30:00:003 / top(01) / out_type /      2.00000 para Root(00)
Mensaje D / 178:30:00:003 / queue(02) / 00:00:00:000 para top(01)
Mensaje D / 178:30:00:003 / top(01) / 00:00:00:000 para Root(00)
Mensaje * / 178:30:00:003 / Root(00) para top(01)
Mensaje * / 178:30:00:003 / top(01) para queue(02)
Mensaje Y / 178:30:00:003 / queue(02) / out_field_2 /      9.00000 para top(01)
Mensaje Y / 178:30:00:003 / queue(02) / out_id /     10.00000 para top(01)
Mensaje Y / 178:30:00:003 / queue(02) / out_surface /    222.00000 para top(01)
Mensaje Y / 178:30:00:003 / queue(02) / out_type /      2.00000 para top(01)
Mensaje D / 178:30:00:003 / queue(02) / ... para top(01)
Mensaje Y / 178:30:00:003 / top(01) / out_field_2 /      9.00000 para Root(00)
Mensaje X / 178:30:00:003 / top(01) / in_id /     10.00000 para harvester(03)
Mensaje X / 178:30:00:003 / top(01) / in_surface /    222.00000 para harvester(03)
Mensaje X / 178:30:00:003 / top(01) / in_type /      2.00000 para harvester(03)
Mensaje D / 178:30:00:003 / harvester(03) / ... para top(01)
Mensaje D / 178:30:00:003 / harvester(03) / ... para top(01)
Mensaje D / 178:30:00:003 / harvester(03) / 22:12:00:002 para top(01)
Mensaje D / 178:30:00:003 / top(01) / 22:12:00:002 para Root(00)
Mensaje * / 200:42:00:005 / Root(00) para top(01)
Mensaje * / 200:42:00:005 / top(01) para harvester(03)
Mensaje Y / 200:42:00:005 / harvester(03) / out_id /     10.00000 para top(01)
Mensaje Y / 200:42:00:005 / harvester(03) / out_bushels /  26640.00000 para top(01)
Mensaje Y / 200:42:00:005 / harvester(03) / out_type /      2.00000 para top(01)
Mensaje D / 200:42:00:005 / harvester(03) / ... para top(01)
Mensaje X / 200:42:00:005 / top(01) / in_done /     10.00000 para queue(02)
Mensaje Y / 200:42:00:005 / top(01) / out_bushels /  26640.00000 para Root(00)
Mensaje Y / 200:42:00:005 / top(01) / out_type /      2.00000 para Root(00)
Mensaje D / 200:42:00:005 / queue(02) / 00:00:00:000 para top(01)
Mensaje D / 200:42:00:005 / top(01) / 00:00:00:000 para Root(00)
Mensaje * / 200:42:00:005 / Root(00) para top(01)
Mensaje * / 200:42:00:005 / top(01) para queue(02)
Mensaje Y / 200:42:00:005 / queue(02) / out_field_2 /     10.00000 para top(01)
Mensaje D / 200:42:00:005 / queue(02) / ... para top(01)
Mensaje Y / 200:42:00:005 / top(01) / out_field_2 /     10.00000 para Root(00)
Mensaje D / 200:42:00:005 / top(01) / ... para Root(00)
Mensaje X / 350:00:00:000 / Root(00) / in_surface /    333.00000 para top(01)
Mensaje X / 350:00:00:000 / top(01) / in_surface /    333.00000 para queue(02)
Mensaje D / 350:00:00:000 / queue(02) / ... para top(01)
Mensaje D / 350:00:00:000 / top(01) / ... para Root(00)
Mensaje X / 350:00:00:000 / Root(00) / in_field /      3.00000 para top(01)
Mensaje X / 350:00:00:000 / top(01) / in_field /      3.00000 para queue(02)
Mensaje D / 350:00:00:000 / queue(02) / ... para top(01)
Mensaje D / 350:00:00:000 / top(01) / ... para Root(00)
Mensaje X / 350:00:00:000 / Root(00) / in_type /      1.00000 para top(01)
Mensaje X / 350:00:00:000 / top(01) / in_type /      1.00000 para queue(02)
Mensaje D / 350:00:00:000 / queue(02) / 00:00:00:000 para top(01)
Mensaje D / 350:00:00:000 / top(01) / 00:00:00:000 para Root(00)
Mensaje * / 350:00:00:000 / Root(00) para top(01)
Mensaje * / 350:00:00:000 / top(01) para queue(02)
Mensaje Y / 350:00:00:000 / queue(02) / out_id /     11.00000 para top(01)
Mensaje Y / 350:00:00:000 / queue(02) / out_surface /    333.00000 para top(01)
Mensaje Y / 350:00:00:000 / queue(02) / out_type /      1.00000 para top(01)
Mensaje D / 350:00:00:000 / queue(02) / ... para top(01)
Mensaje X / 350:00:00:000 / top(01) / in_id /     11.00000 para harvester(03)
Mensaje X / 350:00:00:000 / top(01) / in_surface /    333.00000 para harvester(03)
Mensaje X / 350:00:00:000 / top(01) / in_type /      1.00000 para harvester(03)
Mensaje D / 350:00:00:000 / harvester(03) / ... para top(01)
Mensaje D / 350:00:00:000 / harvester(03) / ... para top(01)
Mensaje D / 350:00:00:000 / harvester(03) / 33:17:59:997 para top(01)
Mensaje D / 350:00:00:000 / top(01) / 33:17:59:997 para Root(00)
Mensaje * / 383:17:59:997 / Root(00) para top(01)
Mensaje * / 383:17:59:997 / top(01) para harvester(03)
Mensaje Y / 383:17:59:997 / harvester(03) / out_id /     11.00000 para top(01)
Mensaje Y / 383:17:59:997 / harvester(03) / out_bushels /  49950.00000 para top(01)
Mensaje Y / 383:17:59:997 / harvester(03) / out_type /      1.00000 para top(01)
Mensaje D / 383:17:59:997 / harvester(03) / ... para top(01)
Mensaje X / 383:17:59:997 / top(01) / in_done /     11.00000 para queue(02)
Mensaje Y / 383:17:59:997 / top(01) / out_bushels /  49950.00000 para Root(00)
Mensaje Y / 383:17:59:997 / top(01) / out_type /      1.00000 para Root(00)
Mensaje D / 383:17:59:997 / queue(02) / 00:00:00:000 para top(01)
Mensaje D / 383:17:59:997 / top(01) / 00:00:00:000 para Root(00)
Mensaje * / 383:17:59:997 / Root(00) para top(01)
Mensaje * / 383:17:59:997 / top(01) para queue(02)
Mensaje Y / 383:17:59:997 / queue(02) / out_field_3 /     11.00000 para top(01)
Mensaje D / 383:17:59:997 / queue(02) / ... para top(01)
Mensaje Y / 383:17:59:997 / top(01) / out_field_3 /     11.00000 para Root(00)
Mensaje D / 383:17:59:997 / top(01) / ... para Root(00)
