Mensaje I / 00:00:00:000 / Root(00) para top(01)
Mensaje I / 00:00:00:000 / top(01) para irrigation(02)
Mensaje D / 00:00:00:000 / irrigation(02) / ... para top(01)
Mensaje D / 00:00:00:000 / top(01) / ... para Root(00)
Mensaje X / 00:00:00:000 / Root(00) / in_id /      1.00000 para top(01)
Mensaje X / 00:00:00:000 / top(01) / in_id /      1.00000 para irrigation(02)
Mensaje D / 00:00:00:000 / irrigation(02) / ... para top(01)
Mensaje D / 00:00:00:000 / top(01) / ... para Root(00)
Mensaje X / 00:00:00:000 / Root(00) / in_type /      1.00000 para top(01)
Mensaje X / 00:00:00:000 / top(01) / in_type /      1.00000 para irrigation(02)
Mensaje D / 00:00:00:000 / irrigation(02) / ... para top(01)
Mensaje D / 00:00:00:000 / top(01) / ... para Root(00)
Mensaje X / 00:00:00:000 / Root(00) / in_surface /    111.00000 para top(01)
Mensaje X / 00:00:00:000 / top(01) / in_surface /    111.00000 para irrigation(02)
Mensaje D / 00:00:00:000 / irrigation(02) / 11:06:00:001 para top(01)
Mensaje D / 00:00:00:000 / top(01) / 11:06:00:001 para Root(00)
Mensaje * / 11:06:00:001 / Root(00) para top(01)
Mensaje * / 11:06:00:001 / top(01) para irrigation(02)
Mensaje Y / 11:06:00:001 / irrigation(02) / out_id /      1.00000 para top(01)
Mensaje D / 11:06:00:001 / irrigation(02) / ... para top(01)
Mensaje Y / 11:06:00:001 / top(01) / out_id /      1.00000 para Root(00)
Mensaje D / 11:06:00:001 / top(01) / ... para Root(00)
Mensaje X / 12:01:00:000 / Root(00) / in_id /      2.00000 para top(01)
Mensaje X / 12:01:00:000 / top(01) / in_id /      2.00000 para irrigation(02)
Mensaje D / 12:01:00:000 / irrigation(02) / ... para top(01)
Mensaje D / 12:01:00:000 / top(01) / ... para Root(00)
Mensaje X / 12:01:00:000 / Root(00) / in_type /      3.00000 para top(01)
Mensaje X / 12:01:00:000 / top(01) / in_type /      3.00000 para irrigation(02)
Mensaje D / 12:01:00:000 / irrigation(02) / ... para top(01)
Mensaje D / 12:01:00:000 / top(01) / ... para Root(00)
Mensaje X / 12:01:00:000 / Root(00) / in_surface /    222.00000 para top(01)
Mensaje X / 12:01:00:000 / top(01) / in_surface /    222.00000 para irrigation(02)
Mensaje D / 12:01:00:000 / irrigation(02) / 22:12:00:002 para top(01)
Mensaje D / 12:01:00:000 / top(01) / 22:12:00:002 para Root(00)
Mensaje * / 34:13:00:002 / Root(00) para top(01)
Mensaje * / 34:13:00:002 / top(01) para irrigation(02)
Mensaje Y / 34:13:00:002 / irrigation(02) / out_id /      2.00000 para top(01)
Mensaje D / 34:13:00:002 / irrigation(02) / ... para top(01)
Mensaje Y / 34:13:00:002 / top(01) / out_id /      2.00000 para Root(00)
Mensaje D / 34:13:00:002 / top(01) / ... para Root(00)
Mensaje X / 35:02:00:000 / Root(00) / in_id /      3.00000 para top(01)
Mensaje X / 35:02:00:000 / top(01) / in_id /      3.00000 para irrigation(02)
Mensaje D / 35:02:00:000 / irrigation(02) / ... para top(01)
Mensaje D / 35:02:00:000 / top(01) / ... para Root(00)
Mensaje X / 35:02:00:000 / Root(00) / in_type /      2.00000 para top(01)
Mensaje X / 35:02:00:000 / top(01) / in_type /      2.00000 para irrigation(02)
Mensaje D / 35:02:00:000 / irrigation(02) / ... para top(01)
Mensaje D / 35:02:00:000 / top(01) / ... para Root(00)
Mensaje X / 35:02:00:000 / Root(00) / in_surface /    111.00000 para top(01)
Mensaje X / 35:02:00:000 / top(01) / in_surface /    111.00000 para irrigation(02)
Mensaje D / 35:02:00:000 / irrigation(02) / 11:06:00:001 para top(01)
Mensaje D / 35:02:00:000 / top(01) / 11:06:00:001 para Root(00)
Mensaje * / 46:08:00:001 / Root(00) para top(01)
Mensaje * / 46:08:00:001 / top(01) para irrigation(02)
Mensaje Y / 46:08:00:001 / irrigation(02) / out_id /      3.00000 para top(01)
Mensaje D / 46:08:00:001 / irrigation(02) / ... para top(01)
Mensaje Y / 46:08:00:001 / top(01) / out_id /      3.00000 para Root(00)
Mensaje D / 46:08:00:001 / top(01) / ... para Root(00)
Mensaje X / 50:00:00:000 / Root(00) / in_id /      4.00000 para top(01)
Mensaje X / 50:00:00:000 / top(01) / in_id /      4.00000 para irrigation(02)
Mensaje D / 50:00:00:000 / irrigation(02) / ... para top(01)
Mensaje D / 50:00:00:000 / top(01) / ... para Root(00)
Mensaje X / 50:00:00:000 / Root(00) / in_type /      1.00000 para top(01)
Mensaje X / 50:00:00:000 / top(01) / in_type /      1.00000 para irrigation(02)
Mensaje D / 50:00:00:000 / irrigation(02) / ... para top(01)
Mensaje D / 50:00:00:000 / top(01) / ... para Root(00)
Mensaje X / 50:00:00:000 / Root(00) / in_surface /    111.00000 para top(01)
Mensaje X / 50:00:00:000 / top(01) / in_surface /    111.00000 para irrigation(02)
Mensaje D / 50:00:00:000 / irrigation(02) / 11:06:00:001 para top(01)
Mensaje D / 50:00:00:000 / top(01) / 11:06:00:001 para Root(00)
Mensaje X / 52:00:00:000 / Root(00) / in_id /      4.00000 para top(01)
Mensaje X / 52:00:00:000 / top(01) / in_id /      4.00000 para irrigation(02)
Mensaje D / 52:00:00:000 / irrigation(02) / 09:06:00:001 para top(01)
Mensaje D / 52:00:00:000 / top(01) / 09:06:00:001 para Root(00)
Mensaje X / 52:00:00:000 / Root(00) / in_type /      1.00000 para top(01)
Mensaje X / 52:00:00:000 / top(01) / in_type /      1.00000 para irrigation(02)
Mensaje D / 52:00:00:000 / irrigation(02) / 09:06:00:001 para top(01)
Mensaje D / 52:00:00:000 / top(01) / 09:06:00:001 para Root(00)
Mensaje * / 61:06:00:001 / Root(00) para top(01)
Mensaje * / 61:06:00:001 / top(01) para irrigation(02)
Mensaje Y / 61:06:00:001 / irrigation(02) / out_id /      4.00000 para top(01)
Mensaje D / 61:06:00:001 / irrigation(02) / ... para top(01)
Mensaje Y / 61:06:00:001 / top(01) / out_id /      4.00000 para Root(00)
Mensaje D / 61:06:00:001 / top(01) / ... para Root(00)
Mensaje X / 70:00:00:000 / Root(00) / in_id /      5.00000 para top(01)
Mensaje X / 70:00:00:000 / top(01) / in_id /      5.00000 para irrigation(02)
Mensaje D / 70:00:00:000 / irrigation(02) / ... para top(01)
Mensaje D / 70:00:00:000 / top(01) / ... para Root(00)
Mensaje X / 70:00:00:000 / Root(00) / in_type /      2.00000 para top(01)
Mensaje X / 70:00:00:000 / top(01) / in_type /      2.00000 para irrigation(02)
Mensaje D / 70:00:00:000 / irrigation(02) / ... para top(01)
Mensaje D / 70:00:00:000 / top(01) / ... para Root(00)
Mensaje X / 70:00:00:000 / Root(00) / in_surface /    222.00000 para top(01)
Mensaje X / 70:00:00:000 / top(01) / in_surface /    222.00000 para irrigation(02)
Mensaje D / 70:00:00:000 / irrigation(02) / 22:12:00:002 para top(01)
Mensaje D / 70:00:00:000 / top(01) / 22:12:00:002 para Root(00)
Mensaje * / 92:12:00:002 / Root(00) para top(01)
Mensaje * / 92:12:00:002 / top(01) para irrigation(02)
Mensaje Y / 92:12:00:002 / irrigation(02) / out_id /      5.00000 para top(01)
Mensaje D / 92:12:00:002 / irrigation(02) / ... para top(01)
Mensaje Y / 92:12:00:002 / top(01) / out_id /      5.00000 para Root(00)
Mensaje D / 92:12:00:002 / top(01) / ... para Root(00)
Mensaje X / 100:00:00:000 / Root(00) / in_id /      6.00000 para top(01)
Mensaje X / 100:00:00:000 / top(01) / in_id /      6.00000 para irrigation(02)
Mensaje D / 100:00:00:000 / irrigation(02) / ... para top(01)
Mensaje D / 100:00:00:000 / top(01) / ... para Root(00)
Mensaje X / 100:00:00:000 / Root(00) / in_type /      3.00000 para top(01)
Mensaje X / 100:00:00:000 / top(01) / in_type /      3.00000 para irrigation(02)
Mensaje D / 100:00:00:000 / irrigation(02) / ... para top(01)
Mensaje D / 100:00:00:000 / top(01) / ... para Root(00)
Mensaje X / 100:00:00:000 / Root(00) / in_surface /    333.00000 para top(01)
Mensaje X / 100:00:00:000 / top(01) / in_surface /    333.00000 para irrigation(02)
Mensaje D / 100:00:00:000 / irrigation(02) / 33:17:59:997 para top(01)
Mensaje D / 100:00:00:000 / top(01) / 33:17:59:997 para Root(00)
Mensaje * / 133:17:59:997 / Root(00) para top(01)
Mensaje * / 133:17:59:997 / top(01) para irrigation(02)
Mensaje Y / 133:17:59:997 / irrigation(02) / out_id /      6.00000 para top(01)
Mensaje D / 133:17:59:997 / irrigation(02) / ... para top(01)
Mensaje Y / 133:17:59:997 / top(01) / out_id /      6.00000 para Root(00)
Mensaje D / 133:17:59:997 / top(01) / ... para Root(00)
Mensaje X / 150:00:00:000 / Root(00) / in_id /      7.00000 para top(01)
Mensaje X / 150:00:00:000 / top(01) / in_id /      7.00000 para irrigation(02)
Mensaje D / 150:00:00:000 / irrigation(02) / ... para top(01)
Mensaje D / 150:00:00:000 / top(01) / ... para Root(00)
Mensaje X / 150:00:00:000 / Root(00) / in_type /      2.00000 para top(01)
Mensaje X / 150:00:00:000 / top(01) / in_type /      2.00000 para irrigation(02)
Mensaje D / 150:00:00:000 / irrigation(02) / ... para top(01)
Mensaje D / 150:00:00:000 / top(01) / ... para Root(00)
Mensaje X / 150:00:00:000 / Root(00) / in_surface /    111.00000 para top(01)
Mensaje X / 150:00:00:000 / top(01) / in_surface /    111.00000 para irrigation(02)
Mensaje D / 150:00:00:000 / irrigation(02) / 11:06:00:001 para top(01)
Mensaje D / 150:00:00:000 / top(01) / 11:06:00:001 para Root(00)
Mensaje * / 161:06:00:001 / Root(00) para top(01)
Mensaje * / 161:06:00:001 / top(01) para irrigation(02)
Mensaje Y / 161:06:00:001 / irrigation(02) / out_id /      7.00000 para top(01)
Mensaje D / 161:06:00:001 / irrigation(02) / ... para top(01)
Mensaje Y / 161:06:00:001 / top(01) / out_id /      7.00000 para Root(00)
Mensaje D / 161:06:00:001 / top(01) / ... para Root(00)
Mensaje X / 170:00:00:000 / Root(00) / in_id /      8.00000 para top(01)
Mensaje X / 170:00:00:000 / top(01) / in_id /      8.00000 para irrigation(02)
Mensaje D / 170:00:00:000 / irrigation(02) / ... para top(01)
Mensaje D / 170:00:00:000 / top(01) / ... para Root(00)
Mensaje X / 170:00:00:000 / Root(00) / in_type /      3.00000 para top(01)
Mensaje X / 170:00:00:000 / top(01) / in_type /      3.00000 para irrigation(02)
Mensaje D / 170:00:00:000 / irrigation(02) / ... para top(01)
Mensaje D / 170:00:00:000 / top(01) / ... para Root(00)
Mensaje X / 170:00:00:000 / Root(00) / in_surface /  11111.00000 para top(01)
Mensaje X / 170:00:00:000 / top(01) / in_surface /  11111.00000 para irrigation(02)
Mensaje D / 170:00:00:000 / irrigation(02) / 1111:05:59:912 para top(01)
Mensaje D / 170:00:00:000 / top(01) / 1111:05:59:912 para Root(00)
Mensaje X / 192:00:00:000 / Root(00) / in_id /     13.00000 para top(01)
Mensaje X / 192:00:00:000 / top(01) / in_id /     13.00000 para irrigation(02)
Mensaje D / 192:00:00:000 / irrigation(02) / 1089:05:59:912 para top(01)
Mensaje D / 192:00:00:000 / top(01) / 1089:05:59:912 para Root(00)
Mensaje X / 192:00:00:000 / Root(00) / in_type /      3.00000 para top(01)
Mensaje X / 192:00:00:000 / top(01) / in_type /      3.00000 para irrigation(02)
Mensaje D / 192:00:00:000 / irrigation(02) / 1089:05:59:912 para top(01)
Mensaje D / 192:00:00:000 / top(01) / 1089:05:59:912 para Root(00)
Mensaje X / 192:00:00:000 / Root(00) / in_surface /    111.00000 para top(01)
Mensaje X / 192:00:00:000 / top(01) / in_surface /    111.00000 para irrigation(02)
Mensaje D / 192:00:00:000 / irrigation(02) / 1089:05:59:912 para top(01)
Mensaje D / 192:00:00:000 / top(01) / 1089:05:59:912 para Root(00)
Mensaje X / 210:00:00:000 / Root(00) / in_id /      9.00000 para top(01)
Mensaje X / 210:00:00:000 / top(01) / in_id /      9.00000 para irrigation(02)
Mensaje D / 210:00:00:000 / irrigation(02) / 1071:05:59:912 para top(01)
Mensaje D / 210:00:00:000 / top(01) / 1071:05:59:912 para Root(00)
Mensaje X / 210:00:00:000 / Root(00) / in_type /      1.00000 para top(01)
Mensaje X / 210:00:00:000 / top(01) / in_type /      1.00000 para irrigation(02)
Mensaje D / 210:00:00:000 / irrigation(02) / 1071:05:59:912 para top(01)
Mensaje D / 210:00:00:000 / top(01) / 1071:05:59:912 para Root(00)
Mensaje X / 210:00:00:000 / Root(00) / in_surface /    333.00000 para top(01)
Mensaje X / 210:00:00:000 / top(01) / in_surface /    333.00000 para irrigation(02)
Mensaje D / 210:00:00:000 / irrigation(02) / 1071:05:59:912 para top(01)
Mensaje D / 210:00:00:000 / top(01) / 1071:05:59:912 para Root(00)
Mensaje X / 260:00:00:000 / Root(00) / in_id /     10.00000 para top(01)
Mensaje X / 260:00:00:000 / top(01) / in_id /     10.00000 para irrigation(02)
Mensaje D / 260:00:00:000 / irrigation(02) / 1021:05:59:912 para top(01)
Mensaje D / 260:00:00:000 / top(01) / 1021:05:59:912 para Root(00)
Mensaje X / 260:00:00:000 / Root(00) / in_type /      2.00000 para top(01)
Mensaje X / 260:00:00:000 / top(01) / in_type /      2.00000 para irrigation(02)
Mensaje D / 260:00:00:000 / irrigation(02) / 1021:05:59:912 para top(01)
Mensaje D / 260:00:00:000 / top(01) / 1021:05:59:912 para Root(00)
Mensaje X / 260:00:00:000 / Root(00) / in_surface /    222.00000 para top(01)
Mensaje X / 260:00:00:000 / top(01) / in_surface /    222.00000 para irrigation(02)
Mensaje D / 260:00:00:000 / irrigation(02) / 1021:05:59:912 para top(01)
Mensaje D / 260:00:00:000 / top(01) / 1021:05:59:912 para Root(00)
Mensaje X / 300:00:00:000 / Root(00) / in_id /     11.00000 para top(01)
Mensaje X / 300:00:00:000 / top(01) / in_id /     11.00000 para irrigation(02)
Mensaje D / 300:00:00:000 / irrigation(02) / 981:05:59:912 para top(01)
Mensaje D / 300:00:00:000 / top(01) / 981:05:59:912 para Root(00)
Mensaje X / 300:00:00:000 / Root(00) / in_type /      3.00000 para top(01)
Mensaje X / 300:00:00:000 / top(01) / in_type /      3.00000 para irrigation(02)
Mensaje D / 300:00:00:000 / irrigation(02) / 981:05:59:912 para top(01)
Mensaje D / 300:00:00:000 / top(01) / 981:05:59:912 para Root(00)
Mensaje X / 300:00:00:000 / Root(00) / in_surface /    111.00000 para top(01)
Mensaje X / 300:00:00:000 / top(01) / in_surface /    111.00000 para irrigation(02)
Mensaje D / 300:00:00:000 / irrigation(02) / 981:05:59:912 para top(01)
Mensaje D / 300:00:00:000 / top(01) / 981:05:59:912 para Root(00)
Mensaje X / 350:00:00:000 / Root(00) / in_id /     12.00000 para top(01)
Mensaje X / 350:00:00:000 / top(01) / in_id /     12.00000 para irrigation(02)
Mensaje D / 350:00:00:000 / irrigation(02) / 931:05:59:912 para top(01)
Mensaje D / 350:00:00:000 / top(01) / 931:05:59:912 para Root(00)
Mensaje X / 350:00:00:000 / Root(00) / in_type /      1.00000 para top(01)
Mensaje X / 350:00:00:000 / top(01) / in_type /      1.00000 para irrigation(02)
Mensaje D / 350:00:00:000 / irrigation(02) / 931:05:59:912 para top(01)
Mensaje D / 350:00:00:000 / top(01) / 931:05:59:912 para Root(00)
Mensaje X / 350:00:00:000 / Root(00) / in_surface /    333.00000 para top(01)
Mensaje X / 350:00:00:000 / top(01) / in_surface /    333.00000 para irrigation(02)
Mensaje D / 350:00:00:000 / irrigation(02) / 931:05:59:912 para top(01)
Mensaje D / 350:00:00:000 / top(01) / 931:05:59:912 para Root(00)
Mensaje * / 1281:05:59:912 / Root(00) para top(01)
Mensaje * / 1281:05:59:912 / top(01) para irrigation(02)
Mensaje Y / 1281:05:59:912 / irrigation(02) / out_id /      8.00000 para top(01)
Mensaje D / 1281:05:59:912 / irrigation(02) / ... para top(01)
Mensaje Y / 1281:05:59:912 / top(01) / out_id /      8.00000 para Root(00)
Mensaje D / 1281:05:59:912 / top(01) / ... para Root(00)
