Mensaje I / 00:00:00:000 / Root(00) para top(01)
Mensaje I / 00:00:00:000 / top(01) para market(02)
Mensaje D / 00:00:00:000 / market(02) / ... para top(01)
Mensaje D / 00:00:00:000 / top(01) / ... para Root(00)
Mensaje X / 10:00:00:000 / Root(00) / in_bushels /  16000.00000 para top(01)
Mensaje X / 10:00:00:000 / top(01) / in_bushels /  16000.00000 para market(02)
Mensaje D / 10:00:00:000 / market(02) / ... para top(01)
Mensaje D / 10:00:00:000 / top(01) / ... para Root(00)
Mensaje X / 10:00:00:000 / Root(00) / in_bushels /  16000.00000 para top(01)
Mensaje X / 10:00:00:000 / top(01) / in_bushels /  16000.00000 para market(02)
Mensaje D / 10:00:00:000 / market(02) / ... para top(01)
Mensaje D / 10:00:00:000 / top(01) / ... para Root(00)
Mensaje X / 10:00:00:000 / Root(00) / in_type /      1.00000 para top(01)
Mensaje X / 10:00:00:000 / top(01) / in_type /      1.00000 para market(02)
Mensaje D / 10:00:00:000 / market(02) / 00:00:00:000 para top(01)
Mensaje D / 10:00:00:000 / top(01) / 00:00:00:000 para Root(00)
Mensaje * / 10:00:00:000 / Root(00) para top(01)
Mensaje * / 10:00:00:000 / top(01) para market(02)
Mensaje Y / 10:00:00:000 / market(02) / out_type /      1.00000 para top(01)
Mensaje Y / 10:00:00:000 / market(02) / out_bushels /  16000.00000 para top(01)
Mensaje Y / 10:00:00:000 / market(02) / out_sales /  40000.00000 para top(01)
Mensaje D / 10:00:00:000 / market(02) / ... para top(01)
Mensaje Y / 10:00:00:000 / top(01) / out_type /      1.00000 para Root(00)
Mensaje Y / 10:00:00:000 / top(01) / out_bushels /  16000.00000 para Root(00)
Mensaje Y / 10:00:00:000 / top(01) / out_sales /  40000.00000 para Root(00)
Mensaje D / 10:00:00:000 / top(01) / ... para Root(00)
Mensaje X / 15:00:00:000 / Root(00) / in_bushels /  30000.00000 para top(01)
Mensaje X / 15:00:00:000 / top(01) / in_bushels /  30000.00000 para market(02)
Mensaje D / 15:00:00:000 / market(02) / ... para top(01)
Mensaje D / 15:00:00:000 / top(01) / ... para Root(00)
Mensaje X / 15:00:00:000 / Root(00) / in_type /      2.00000 para top(01)
Mensaje X / 15:00:00:000 / top(01) / in_type /      2.00000 para market(02)
Mensaje D / 15:00:00:000 / market(02) / 00:00:00:000 para top(01)
Mensaje D / 15:00:00:000 / top(01) / 00:00:00:000 para Root(00)
Mensaje X / 15:00:00:000 / Root(00) / in_bushels /  20000.00000 para top(01)
Mensaje X / 15:00:00:000 / top(01) / in_bushels /  20000.00000 para market(02)
Mensaje D / 15:00:00:000 / market(02) / 00:00:00:000 para top(01)
Mensaje D / 15:00:00:000 / top(01) / 00:00:00:000 para Root(00)
Mensaje X / 15:00:00:000 / Root(00) / in_type /      1.00000 para top(01)
Mensaje X / 15:00:00:000 / top(01) / in_type /      1.00000 para market(02)
Mensaje D / 15:00:00:000 / market(02) / 00:00:00:000 para top(01)
Mensaje D / 15:00:00:000 / top(01) / 00:00:00:000 para Root(00)
Mensaje * / 15:00:00:000 / Root(00) para top(01)
Mensaje * / 15:00:00:000 / top(01) para market(02)
Mensaje Y / 15:00:00:000 / market(02) / out_type /      1.00000 para top(01)
Mensaje Y / 15:00:00:000 / market(02) / out_bushels /  20000.00000 para top(01)
Mensaje Y / 15:00:00:000 / market(02) / out_sales /  50000.00000 para top(01)
Mensaje D / 15:00:00:000 / market(02) / ... para top(01)
Mensaje Y / 15:00:00:000 / top(01) / out_type /      1.00000 para Root(00)
Mensaje Y / 15:00:00:000 / top(01) / out_bushels /  20000.00000 para Root(00)
Mensaje Y / 15:00:00:000 / top(01) / out_sales /  50000.00000 para Root(00)
Mensaje D / 15:00:00:000 / top(01) / ... para Root(00)
Mensaje X / 20:00:00:000 / Root(00) / in_type /      3.00000 para top(01)
Mensaje X / 20:00:00:000 / top(01) / in_type /      3.00000 para market(02)
Mensaje D / 20:00:00:000 / market(02) / ... para top(01)
Mensaje D / 20:00:00:000 / top(01) / ... para Root(00)
Mensaje X / 20:00:00:000 / Root(00) / in_bushels /  35000.00000 para top(01)
Mensaje X / 20:00:00:000 / top(01) / in_bushels /  35000.00000 para market(02)
Mensaje D / 20:00:00:000 / market(02) / 00:00:00:000 para top(01)
Mensaje D / 20:00:00:000 / top(01) / 00:00:00:000 para Root(00)
Mensaje * / 20:00:00:000 / Root(00) para top(01)
Mensaje * / 20:00:00:000 / top(01) para market(02)
Mensaje Y / 20:00:00:000 / market(02) / out_type /      3.00000 para top(01)
Mensaje Y / 20:00:00:000 / market(02) / out_bushels /  35000.00000 para top(01)
Mensaje Y / 20:00:00:000 / market(02) / out_sales / 143499.99666 para top(01)
Mensaje D / 20:00:00:000 / market(02) / ... para top(01)
Mensaje Y / 20:00:00:000 / top(01) / out_type /      3.00000 para Root(00)
Mensaje Y / 20:00:00:000 / top(01) / out_bushels /  35000.00000 para Root(00)
Mensaje Y / 20:00:00:000 / top(01) / out_sales / 143499.99666 para Root(00)
Mensaje D / 20:00:00:000 / top(01) / ... para Root(00)
Mensaje X / 25:00:00:000 / Root(00) / in_type /      3.00000 para top(01)
Mensaje X / 25:00:00:000 / top(01) / in_type /      3.00000 para market(02)
Mensaje D / 25:00:00:000 / market(02) / ... para top(01)
Mensaje D / 25:00:00:000 / top(01) / ... para Root(00)
Mensaje X / 25:00:00:000 / Root(00) / in_type /      3.00000 para top(01)
Mensaje X / 25:00:00:000 / top(01) / in_type /      3.00000 para market(02)
Mensaje D / 25:00:00:000 / market(02) / ... para top(01)
Mensaje D / 25:00:00:000 / top(01) / ... para Root(00)
Mensaje X / 27:00:00:000 / Root(00) / in_bushels /  45000.00000 para top(01)
Mensaje X / 27:00:00:000 / top(01) / in_bushels /  45000.00000 para market(02)
Mensaje D / 27:00:00:000 / market(02) / 00:00:00:000 para top(01)
Mensaje D / 27:00:00:000 / top(01) / 00:00:00:000 para Root(00)
Mensaje * / 27:00:00:000 / Root(00) para top(01)
Mensaje * / 27:00:00:000 / top(01) para market(02)
Mensaje Y / 27:00:00:000 / market(02) / out_type /      3.00000 para top(01)
Mensaje Y / 27:00:00:000 / market(02) / out_bushels /  45000.00000 para top(01)
Mensaje Y / 27:00:00:000 / market(02) / out_sales / 184499.99571 para top(01)
Mensaje D / 27:00:00:000 / market(02) / ... para top(01)
Mensaje Y / 27:00:00:000 / top(01) / out_type /      3.00000 para Root(00)
Mensaje Y / 27:00:00:000 / top(01) / out_bushels /  45000.00000 para Root(00)
Mensaje Y / 27:00:00:000 / top(01) / out_sales / 184499.99571 para Root(00)
Mensaje D / 27:00:00:000 / top(01) / ... para Root(00)
