Mensaje I / 00:00:00:000 / Root(00) para top(01)
Mensaje I / 00:00:00:000 / top(01) para queue(02)
Mensaje D / 00:00:00:000 / queue(02) / ... para top(01)
Mensaje D / 00:00:00:000 / top(01) / ... para Root(00)
Mensaje X / 00:00:00:000 / Root(00) / in_surface /    111.00000 para top(01)
Mensaje X / 00:00:00:000 / top(01) / in_surface /    111.00000 para queue(02)
Mensaje D / 00:00:00:000 / queue(02) / ... para top(01)
Mensaje D / 00:00:00:000 / top(01) / ... para Root(00)
Mensaje X / 00:00:00:000 / Root(00) / in_field /      1.00000 para top(01)
Mensaje X / 00:00:00:000 / top(01) / in_field /      1.00000 para queue(02)
Mensaje D / 00:00:00:000 / queue(02) / ... para top(01)
Mensaje D / 00:00:00:000 / top(01) / ... para Root(00)
Mensaje X / 00:00:00:000 / Root(00) / in_type /      1.00000 para top(01)
Mensaje X / 00:00:00:000 / top(01) / in_type /      1.00000 para queue(02)
Mensaje D / 00:00:00:000 / queue(02) / 00:00:00:000 para top(01)
Mensaje D / 00:00:00:000 / top(01) / 00:00:00:000 para Root(00)
Mensaje * / 00:00:00:000 / Root(00) para top(01)
Mensaje * / 00:00:00:000 / top(01) para queue(02)
Mensaje Y / 00:00:00:000 / queue(02) / out_id /      1.00000 para top(01)
Mensaje Y / 00:00:00:000 / queue(02) / out_surface /    111.00000 para top(01)
Mensaje Y / 00:00:00:000 / queue(02) / out_type /      1.00000 para top(01)
Mensaje D / 00:00:00:000 / queue(02) / ... para top(01)
Mensaje Y / 00:00:00:000 / top(01) / out_id /      1.00000 para Root(00)
Mensaje Y / 00:00:00:000 / top(01) / out_surface /    111.00000 para Root(00)
Mensaje Y / 00:00:00:000 / top(01) / out_type /      1.00000 para Root(00)
Mensaje D / 00:00:00:000 / top(01) / ... para Root(00)
Mensaje X / 12:00:00:000 / Root(00) / in_surface /    222.00000 para top(01)
Mensaje X / 12:00:00:000 / top(01) / in_surface /    222.00000 para queue(02)
Mensaje D / 12:00:00:000 / queue(02) / ... para top(01)
Mensaje D / 12:00:00:000 / top(01) / ... para Root(00)
Mensaje X / 12:00:00:000 / Root(00) / in_field /      2.00000 para top(01)
Mensaje X / 12:00:00:000 / top(01) / in_field /      2.00000 para queue(02)
Mensaje D / 12:00:00:000 / queue(02) / ... para top(01)
Mensaje D / 12:00:00:000 / top(01) / ... para Root(00)
Mensaje X / 12:00:00:000 / Root(00) / in_type /      3.00000 para top(01)
Mensaje X / 12:00:00:000 / top(01) / in_type /      3.00000 para queue(02)
Mensaje D / 12:00:00:000 / queue(02) / ... para top(01)
Mensaje D / 12:00:00:000 / top(01) / ... para Root(00)
Mensaje X / 35:00:00:000 / Root(00) / in_surface /    111.00000 para top(01)
Mensaje X / 35:00:00:000 / top(01) / in_surface /    111.00000 para queue(02)
Mensaje D / 35:00:00:000 / queue(02) / ... para top(01)
Mensaje D / 35:00:00:000 / top(01) / ... para Root(00)
Mensaje X / 35:00:00:000 / Root(00) / in_field /      3.00000 para top(01)
Mensaje X / 35:00:00:000 / top(01) / in_field /      3.00000 para queue(02)
Mensaje D / 35:00:00:000 / queue(02) / ... para top(01)
Mensaje D / 35:00:00:000 / top(01) / ... para Root(00)
Mensaje X / 35:00:00:000 / Root(00) / in_type /      2.00000 para top(01)
Mensaje X / 35:00:00:000 / top(01) / in_type /      2.00000 para queue(02)
Mensaje D / 35:00:00:000 / queue(02) / ... para top(01)
Mensaje D / 35:00:00:000 / top(01) / ... para Root(00)
Mensaje X / 50:00:00:000 / Root(00) / in_surface /    111.00000 para top(01)
Mensaje X / 50:00:00:000 / top(01) / in_surface /    111.00000 para queue(02)
Mensaje D / 50:00:00:000 / queue(02) / ... para top(01)
Mensaje D / 50:00:00:000 / top(01) / ... para Root(00)
Mensaje X / 50:00:00:000 / Root(00) / in_field /      3.00000 para top(01)
Mensaje X / 50:00:00:000 / top(01) / in_field /      3.00000 para queue(02)
Mensaje D / 50:00:00:000 / queue(02) / ... para top(01)
Mensaje D / 50:00:00:000 / top(01) / ... para Root(00)
Mensaje X / 50:00:00:000 / Root(00) / in_type /      3.00000 para top(01)
Mensaje X / 50:00:00:000 / top(01) / in_type /      3.00000 para queue(02)
Mensaje D / 50:00:00:000 / queue(02) / ... para top(01)
Mensaje D / 50:00:00:000 / top(01) / ... para Root(00)
Mensaje X / 55:00:00:000 / Root(00) / in_done /      1.00000 para top(01)
Mensaje X / 55:00:00:000 / top(01) / in_done /      1.00000 para queue(02)
Mensaje D / 55:00:00:000 / queue(02) / 00:00:00:000 para top(01)
Mensaje D / 55:00:00:000 / top(01) / 00:00:00:000 para Root(00)
Mensaje * / 55:00:00:000 / Root(00) para top(01)
Mensaje * / 55:00:00:000 / top(01) para queue(02)
Mensaje Y / 55:00:00:000 / queue(02) / out_field_1 /      1.00000 para top(01)
Mensaje Y / 55:00:00:000 / queue(02) / out_id /      2.00000 para top(01)
Mensaje Y / 55:00:00:000 / queue(02) / out_surface /    222.00000 para top(01)
Mensaje Y / 55:00:00:000 / queue(02) / out_type /      3.00000 para top(01)
Mensaje D / 55:00:00:000 / queue(02) / ... para top(01)
Mensaje Y / 55:00:00:000 / top(01) / out_field_1 /      1.00000 para Root(00)
Mensaje Y / 55:00:00:000 / top(01) / out_id /      2.00000 para Root(00)
Mensaje Y / 55:00:00:000 / top(01) / out_surface /    222.00000 para Root(00)
Mensaje Y / 55:00:00:000 / top(01) / out_type /      3.00000 para Root(00)
Mensaje D / 55:00:00:000 / top(01) / ... para Root(00)
Mensaje X / 55:00:01:000 / Root(00) / in_done /      1.00000 para top(01)
Mensaje X / 55:00:01:000 / top(01) / in_done /      1.00000 para queue(02)
Mensaje D / 55:00:01:000 / queue(02) / 00:00:00:000 para top(01)
Mensaje D / 55:00:01:000 / top(01) / 00:00:00:000 para Root(00)
Mensaje * / 55:00:01:000 / Root(00) para top(01)
Mensaje * / 55:00:01:000 / top(01) para queue(02)
Mensaje Y / 55:00:01:000 / queue(02) / out_field_2 /      2.00000 para top(01)
Mensaje Y / 55:00:01:000 / queue(02) / out_id /      3.00000 para top(01)
Mensaje Y / 55:00:01:000 / queue(02) / out_surface /    111.00000 para top(01)
Mensaje Y / 55:00:01:000 / queue(02) / out_type /      2.00000 para top(01)
Mensaje D / 55:00:01:000 / queue(02) / ... para top(01)
Mensaje Y / 55:00:01:000 / top(01) / out_field_2 /      2.00000 para Root(00)
Mensaje Y / 55:00:01:000 / top(01) / out_id /      3.00000 para Root(00)
Mensaje Y / 55:00:01:000 / top(01) / out_surface /    111.00000 para Root(00)
Mensaje Y / 55:00:01:000 / top(01) / out_type /      2.00000 para Root(00)
Mensaje D / 55:00:01:000 / top(01) / ... para Root(00)
Mensaje X / 55:00:02:000 / Root(00) / in_done /      1.00000 para top(01)
Mensaje X / 55:00:02:000 / top(01) / in_done /      1.00000 para queue(02)
Mensaje D / 55:00:02:000 / queue(02) / 00:00:00:000 para top(01)
Mensaje D / 55:00:02:000 / top(01) / 00:00:00:000 para Root(00)
Mensaje * / 55:00:02:000 / Root(00) para top(01)
Mensaje * / 55:00:02:000 / top(01) para queue(02)
Mensaje Y / 55:00:02:000 / queue(02) / out_field_3 /      3.00000 para top(01)
Mensaje Y / 55:00:02:000 / queue(02) / out_id /      4.00000 para top(01)
Mensaje Y / 55:00:02:000 / queue(02) / out_surface /    111.00000 para top(01)
Mensaje Y / 55:00:02:000 / queue(02) / out_type /      3.00000 para top(01)
Mensaje D / 55:00:02:000 / queue(02) / ... para top(01)
Mensaje Y / 55:00:02:000 / top(01) / out_field_3 /      3.00000 para Root(00)
Mensaje Y / 55:00:02:000 / top(01) / out_id /      4.00000 para Root(00)
Mensaje Y / 55:00:02:000 / top(01) / out_surface /    111.00000 para Root(00)
Mensaje Y / 55:00:02:000 / top(01) / out_type /      3.00000 para Root(00)
Mensaje D / 55:00:02:000 / top(01) / ... para Root(00)
Mensaje X / 60:00:00:000 / Root(00) / in_done /      1.00000 para top(01)
Mensaje X / 60:00:00:000 / top(01) / in_done /      1.00000 para queue(02)
Mensaje D / 60:00:00:000 / queue(02) / 00:00:00:000 para top(01)
Mensaje D / 60:00:00:000 / top(01) / 00:00:00:000 para Root(00)
Mensaje * / 60:00:00:000 / Root(00) para top(01)
Mensaje * / 60:00:00:000 / top(01) para queue(02)
Mensaje Y / 60:00:00:000 / queue(02) / out_field_3 /      4.00000 para top(01)
Mensaje D / 60:00:00:000 / queue(02) / ... para top(01)
Mensaje Y / 60:00:00:000 / top(01) / out_field_3 /      4.00000 para Root(00)
Mensaje D / 60:00:00:000 / top(01) / ... para Root(00)
Mensaje X / 60:00:01:000 / Root(00) / in_done /      1.00000 para top(01)
Mensaje X / 60:00:01:000 / top(01) / in_done /      1.00000 para queue(02)
Mensaje D / 60:00:01:000 / queue(02) / ... para top(01)
Mensaje D / 60:00:01:000 / top(01) / ... para Root(00)
Mensaje X / 70:00:00:000 / Root(00) / in_surface /    333.00000 para top(01)
Mensaje X / 70:00:00:000 / top(01) / in_surface /    333.00000 para queue(02)
Mensaje D / 70:00:00:000 / queue(02) / ... para top(01)
Mensaje D / 70:00:00:000 / top(01) / ... para Root(00)
Mensaje X / 70:00:00:000 / Root(00) / in_field /      1.00000 para top(01)
Mensaje X / 70:00:00:000 / top(01) / in_field /      1.00000 para queue(02)
Mensaje D / 70:00:00:000 / queue(02) / ... para top(01)
Mensaje D / 70:00:00:000 / top(01) / ... para Root(00)
Mensaje X / 70:00:00:000 / Root(00) / in_type /      3.00000 para top(01)
Mensaje X / 70:00:00:000 / top(01) / in_type /      3.00000 para queue(02)
Mensaje D / 70:00:00:000 / queue(02) / 00:00:00:000 para top(01)
Mensaje D / 70:00:00:000 / top(01) / 00:00:00:000 para Root(00)
Mensaje * / 70:00:00:000 / Root(00) para top(01)
Mensaje * / 70:00:00:000 / top(01) para queue(02)
Mensaje Y / 70:00:00:000 / queue(02) / out_id /      5.00000 para top(01)
Mensaje Y / 70:00:00:000 / queue(02) / out_surface /    333.00000 para top(01)
Mensaje Y / 70:00:00:000 / queue(02) / out_type /      3.00000 para top(01)
Mensaje D / 70:00:00:000 / queue(02) / ... para top(01)
Mensaje Y / 70:00:00:000 / top(01) / out_id /      5.00000 para Root(00)
Mensaje Y / 70:00:00:000 / top(01) / out_surface /    333.00000 para Root(00)
Mensaje Y / 70:00:00:000 / top(01) / out_type /      3.00000 para Root(00)
Mensaje D / 70:00:00:000 / top(01) / ... para Root(00)
Mensaje X / 75:00:00:000 / Root(00) / in_surface /    111.00000 para top(01)
Mensaje X / 75:00:00:000 / top(01) / in_surface /    111.00000 para queue(02)
Mensaje D / 75:00:00:000 / queue(02) / ... para top(01)
Mensaje D / 75:00:00:000 / top(01) / ... para Root(00)
Mensaje X / 75:00:00:000 / Root(00) / in_field /      2.00000 para top(01)
Mensaje X / 75:00:00:000 / top(01) / in_field /      2.00000 para queue(02)
Mensaje D / 75:00:00:000 / queue(02) / ... para top(01)
Mensaje D / 75:00:00:000 / top(01) / ... para Root(00)
Mensaje X / 75:00:00:000 / Root(00) / in_type /      2.00000 para top(01)
Mensaje X / 75:00:00:000 / top(01) / in_type /      2.00000 para queue(02)
Mensaje D / 75:00:00:000 / queue(02) / ... para top(01)
Mensaje D / 75:00:00:000 / top(01) / ... para Root(00)
Mensaje X / 100:00:00:000 / Root(00) / in_done /      1.00000 para top(01)
Mensaje X / 100:00:00:000 / top(01) / in_done /      1.00000 para queue(02)
Mensaje D / 100:00:00:000 / queue(02) / 00:00:00:000 para top(01)
Mensaje D / 100:00:00:000 / top(01) / 00:00:00:000 para Root(00)
Mensaje * / 100:00:00:000 / Root(00) para top(01)
Mensaje * / 100:00:00:000 / top(01) para queue(02)
Mensaje Y / 100:00:00:000 / queue(02) / out_field_1 /      5.00000 para top(01)
Mensaje Y / 100:00:00:000 / queue(02) / out_id /      6.00000 para top(01)
Mensaje Y / 100:00:00:000 / queue(02) / out_surface /    111.00000 para top(01)
Mensaje Y / 100:00:00:000 / queue(02) / out_type /      2.00000 para top(01)
Mensaje D / 100:00:00:000 / queue(02) / ... para top(01)
Mensaje Y / 100:00:00:000 / top(01) / out_field_1 /      5.00000 para Root(00)
Mensaje Y / 100:00:00:000 / top(01) / out_id /      6.00000 para Root(00)
Mensaje Y / 100:00:00:000 / top(01) / out_surface /    111.00000 para Root(00)
Mensaje Y / 100:00:00:000 / top(01) / out_type /      2.00000 para Root(00)
Mensaje D / 100:00:00:000 / top(01) / ... para Root(00)
Mensaje X / 150:00:00:000 / Root(00) / in_surface /    222.00000 para top(01)
Mensaje X / 150:00:00:000 / top(01) / in_surface /    222.00000 para queue(02)
Mensaje D / 150:00:00:000 / queue(02) / ... para top(01)
Mensaje D / 150:00:00:000 / top(01) / ... para Root(00)
Mensaje X / 150:00:00:000 / Root(00) / in_field /      2.00000 para top(01)
Mensaje X / 150:00:00:000 / top(01) / in_field /      2.00000 para queue(02)
Mensaje D / 150:00:00:000 / queue(02) / ... para top(01)
Mensaje D / 150:00:00:000 / top(01) / ... para Root(00)
Mensaje X / 150:00:00:000 / Root(00) / in_type /      2.00000 para top(01)
Mensaje X / 150:00:00:000 / top(01) / in_type /      2.00000 para queue(02)
Mensaje D / 150:00:00:000 / queue(02) / ... para top(01)
Mensaje D / 150:00:00:000 / top(01) / ... para Root(00)
Mensaje X / 210:00:00:000 / Root(00) / in_done /      1.00000 para top(01)
Mensaje X / 210:00:00:000 / top(01) / in_done /      1.00000 para queue(02)
Mensaje D / 210:00:00:000 / queue(02) / 00:00:00:000 para top(01)
Mensaje D / 210:00:00:000 / top(01) / 00:00:00:000 para Root(00)
Mensaje * / 210:00:00:000 / Root(00) para top(01)
Mensaje * / 210:00:00:000 / top(01) para queue(02)
Mensaje Y / 210:00:00:000 / queue(02) / out_field_2 /      6.00000 para top(01)
Mensaje Y / 210:00:00:000 / queue(02) / out_id /      7.00000 para top(01)
Mensaje Y / 210:00:00:000 / queue(02) / out_surface /    222.00000 para top(01)
Mensaje Y / 210:00:00:000 / queue(02) / out_type /      2.00000 para top(01)
Mensaje D / 210:00:00:000 / queue(02) / ... para top(01)
Mensaje Y / 210:00:00:000 / top(01) / out_field_2 /      6.00000 para Root(00)
Mensaje Y / 210:00:00:000 / top(01) / out_id /      7.00000 para Root(00)
Mensaje Y / 210:00:00:000 / top(01) / out_surface /    222.00000 para Root(00)
Mensaje Y / 210:00:00:000 / top(01) / out_type /      2.00000 para Root(00)
Mensaje D / 210:00:00:000 / top(01) / ... para Root(00)
Mensaje X / 260:00:00:000 / Root(00) / in_done /      1.00000 para top(01)
Mensaje X / 260:00:00:000 / top(01) / in_done /      1.00000 para queue(02)
Mensaje D / 260:00:00:000 / queue(02) / 00:00:00:000 para top(01)
Mensaje D / 260:00:00:000 / top(01) / 00:00:00:000 para Root(00)
Mensaje * / 260:00:00:000 / Root(00) para top(01)
Mensaje * / 260:00:00:000 / top(01) para queue(02)
Mensaje Y / 260:00:00:000 / queue(02) / out_field_2 /      7.00000 para top(01)
Mensaje D / 260:00:00:000 / queue(02) / ... para top(01)
Mensaje Y / 260:00:00:000 / top(01) / out_field_2 /      7.00000 para Root(00)
Mensaje D / 260:00:00:000 / top(01) / ... para Root(00)
Mensaje X / 300:00:00:000 / Root(00) / in_done /      1.00000 para top(01)
Mensaje X / 300:00:00:000 / top(01) / in_done /      1.00000 para queue(02)
Mensaje D / 300:00:00:000 / queue(02) / ... para top(01)
Mensaje D / 300:00:00:000 / top(01) / ... para Root(00)
Mensaje X / 350:00:00:000 / Root(00) / in_surface /    333.00000 para top(01)
Mensaje X / 350:00:00:000 / top(01) / in_surface /    333.00000 para queue(02)
Mensaje D / 350:00:00:000 / queue(02) / ... para top(01)
Mensaje D / 350:00:00:000 / top(01) / ... para Root(00)
Mensaje X / 350:00:00:000 / Root(00) / in_field /      3.00000 para top(01)
Mensaje X / 350:00:00:000 / top(01) / in_field /      3.00000 para queue(02)
Mensaje D / 350:00:00:000 / queue(02) / ... para top(01)
Mensaje D / 350:00:00:000 / top(01) / ... para Root(00)
Mensaje X / 350:00:00:000 / Root(00) / in_type /      1.00000 para top(01)
Mensaje X / 350:00:00:000 / top(01) / in_type /      1.00000 para queue(02)
Mensaje D / 350:00:00:000 / queue(02) / 00:00:00:000 para top(01)
Mensaje D / 350:00:00:000 / top(01) / 00:00:00:000 para Root(00)
Mensaje * / 350:00:00:000 / Root(00) para top(01)
Mensaje * / 350:00:00:000 / top(01) para queue(02)
Mensaje Y / 350:00:00:000 / queue(02) / out_id /      8.00000 para top(01)
Mensaje Y / 350:00:00:000 / queue(02) / out_surface /    333.00000 para top(01)
Mensaje Y / 350:00:00:000 / queue(02) / out_type /      1.00000 para top(01)
Mensaje D / 350:00:00:000 / queue(02) / ... para top(01)
Mensaje Y / 350:00:00:000 / top(01) / out_id /      8.00000 para Root(00)
Mensaje Y / 350:00:00:000 / top(01) / out_surface /    333.00000 para Root(00)
Mensaje Y / 350:00:00:000 / top(01) / out_type /      1.00000 para Root(00)
Mensaje D / 350:00:00:000 / top(01) / ... para Root(00)
Mensaje X / 351:00:00:000 / Root(00) / in_done /      1.00000 para top(01)
Mensaje X / 351:00:00:000 / top(01) / in_done /      1.00000 para queue(02)
Mensaje D / 351:00:00:000 / queue(02) / 00:00:00:000 para top(01)
Mensaje D / 351:00:00:000 / top(01) / 00:00:00:000 para Root(00)
Mensaje * / 351:00:00:000 / Root(00) para top(01)
Mensaje * / 351:00:00:000 / top(01) para queue(02)
Mensaje Y / 351:00:00:000 / queue(02) / out_field_3 /      8.00000 para top(01)
Mensaje D / 351:00:00:000 / queue(02) / ... para top(01)
Mensaje Y / 351:00:00:000 / top(01) / out_field_3 /      8.00000 para Root(00)
Mensaje D / 351:00:00:000 / top(01) / ... para Root(00)
Mensaje X / 352:00:00:000 / Root(00) / in_done /      1.00000 para top(01)
Mensaje X / 352:00:00:000 / top(01) / in_done /      1.00000 para queue(02)
Mensaje D / 352:00:00:000 / queue(02) / ... para top(01)
Mensaje D / 352:00:00:000 / top(01) / ... para Root(00)
